[2015.06.18-04.45.39:185][  0]Log file open, 06/17/15 23:45:39
[2015.06.18-04.45.39:185][  0]LogInit:Display: Running engine for game: BiggerMaps
[2015.06.18-04.45.39:185][  0]LogInit:Display: RandInit(302866695) SRandInit(302866695).
[2015.06.18-04.45.39:185][  0]LogTaskGraph: Started task graph with 4 named threads and 5 total threads.
[2015.06.18-04.45.39:185][  0]LogStats: Stats thread started
[2015.06.18-04.45.39:185][  0]LogInit: Version: 4.8.0-2579680+++depot+UE4-Releases+4.8
[2015.06.18-04.45.39:185][  0]LogInit: API Version: 2579680
[2015.06.18-04.45.39:185][  0]LogInit: Compiled (64-bit): Jun  8 2015 03:34:53
[2015.06.18-04.45.39:185][  0]LogInit: Compiled with Visual C++: 18.00.21005.01
[2015.06.18-04.45.39:185][  0]LogInit: Build Configuration: Development
[2015.06.18-04.45.39:185][  0]LogInit: Branch Name: ++depot+UE4-Releases+4.8
[2015.06.18-04.45.39:185][  0]LogInit: Command line: 
[2015.06.18-04.45.39:185][  0]LogInit: Base directory: D:/Program Files/Epic Games/4.8/Engine/Binaries/Win64/
[2015.06.18-04.45.39:185][  0]LogInit: Rocket: 1
[2015.06.18-04.45.39:218][  0]LogInit: Using libcurl 7.41.0
[2015.06.18-04.45.39:218][  0]LogInit:  - built for x86_64-pc-win32
[2015.06.18-04.45.39:218][  0]LogInit:  - supports SSL with WinSSL
[2015.06.18-04.45.39:218][  0]LogInit:  - other features:
[2015.06.18-04.45.39:218][  0]LogInit:      CURL_VERSION_SSL
[2015.06.18-04.45.39:218][  0]LogInit:      CURL_VERSION_IPV6
[2015.06.18-04.45.39:218][  0]LogInit:      CURL_VERSION_ASYNCHDNS
[2015.06.18-04.45.39:218][  0]LogInit:      CURL_VERSION_LARGEFILE
[2015.06.18-04.45.39:218][  0]LogInit:      CURL_VERSION_IDN
[2015.06.18-04.45.39:218][  0]LogInit:  CurlRequestOptions (configurable via config and command line):
[2015.06.18-04.45.39:218][  0]LogInit:  - bVerifyPeer = true  - Libcurl will verify peer certificate
[2015.06.18-04.45.39:218][  0]LogInit:  - bUseHttpProxy = false  - Libcurl will NOT use HTTP proxy
[2015.06.18-04.45.39:218][  0]LogInit:  - bDontReuseConnections = false  - Libcurl will reuse connections
[2015.06.18-04.45.39:218][  0]LogInit:  - CertBundlePath = nullptr  - Libcurl will use whatever was configured at build time.
[2015.06.18-04.45.39:252][  0]LogOnline:Warning: No default platform service specified for OnlineSubsystem
[2015.06.18-04.45.39:291][  0]LogInit: Presizing for 0 objects not considered by GC, pre-allocating 0 bytes.
[2015.06.18-04.45.39:311][  0]LogInit: Object subsystem initialized
[2015.06.18-04.45.39:313][  0]LogConsoleResponse:Warning: Skipping Unknown console variable: 'TranslucentSortAxis = (X=0.000000,Y=-1.000000,Z=0.000000)'
[2015.06.18-04.45.39:313][  0]LogConsoleResponse:Warning:   Found in ini file 'D:/Unreal Projects/BiggerMaps/Saved/Config/Windows/Engine.ini', in section '[/Script/Engine.RendererSettings]'
[2015.06.18-04.45.39:313][  0]LogConsoleResponse:Warning: Skipping Unknown console variable: 'UIScaleRule = ShortestSide'
[2015.06.18-04.45.39:313][  0]LogConsoleResponse:Warning:   Found in ini file 'D:/Unreal Projects/BiggerMaps/Saved/Config/Windows/Engine.ini', in section '[/Script/Engine.RendererSettings]'
[2015.06.18-04.45.39:313][  0]LogConsoleResponse:Warning: Skipping Unknown console variable: 'UIScaleCurve = (EditorCurveData=(Keys=),ExternalCurve=None)'
[2015.06.18-04.45.39:313][  0]LogConsoleResponse:Warning:   Found in ini file 'D:/Unreal Projects/BiggerMaps/Saved/Config/Windows/Engine.ini', in section '[/Script/Engine.RendererSettings]'
[2015.06.18-04.45.39:315][  0]LogInit: Selected Device Profile: [Windows]
[2015.06.18-04.45.39:315][  0]LogInit: Applying CVar settings loaded from the selected device profile: [Windows]
[2015.06.18-04.45.39:334][  0]LogInit: Computer: DOOMSDAY
[2015.06.18-04.45.39:334][  0]LogInit: User: Austin
[2015.06.18-04.45.39:334][  0]LogInit: CPU Page size=4096, Cores=2
[2015.06.18-04.45.39:334][  0]LogInit: High frequency timer resolution =3.030330 MHz
[2015.06.18-04.45.39:335][  0]LogMemory: Memory total: Physical=12.0GB (12GB approx)
[2015.06.18-04.45.39:335][  0]LogMemory: Platform Memory Stats for Windows
[2015.06.18-04.45.39:335][  0]LogMemory: Process Physical Memory: 47.74 MB used, 47.74 MB peak
[2015.06.18-04.45.39:335][  0]LogMemory: Process Virtual Memory: 24.17 MB used, 24.17 MB peak
[2015.06.18-04.45.39:335][  0]LogMemory: Physical Memory: 6817.47 MB used, 12249.06 MB total
[2015.06.18-04.45.39:335][  0]LogMemory: Virtual Memory: 296.50 MB used, 134217728.00 MB total
[2015.06.18-04.45.39:376][  0]LogTextLocalizationManager: The requested culture ('en_US') has no localization data; parent culture's ('en') localization data will be used.
[2015.06.18-04.45.39:855][  0]LogTextLocalizationManager:Warning: Loaded localization resources contain conflicting entries for (Namespace:ContentBrowser, Key:ImportAssetToolTip):
Localization Resource: (D:/Program Files/Epic Games/4.8/Engine/Content/Localization/Editor/en/Editor.locres) Source String Hash: (-630476809) Localized String: (Import to {0}...)
Localization Resource: (D:/Program Files/Epic Games/4.8/Engine/Content/Localization/Editor/en/Editor.locres) Source String Hash: (1271782899) Localized String: (Imports an asset from file to this folder.)
[2015.06.18-04.45.40:912][  0]LogD3D11RHI: Found D3D11 adapter 0: AMD Radeon HD 6800 Series (Feature Level 11_0)
[2015.06.18-04.45.40:912][  0]LogD3D11RHI: Adapter has 1011MB of dedicated video memory, 0MB of dedicated system memory, and 3840MB of shared system memory, 2 output[s]
[2015.06.18-04.45.40:914][  0]LogD3D11RHI: Found D3D11 adapter 1: Microsoft Basic Render Driver (Feature Level 11_0)
[2015.06.18-04.45.40:914][  0]LogD3D11RHI: Adapter has 0MB of dedicated video memory, 0MB of dedicated system memory, and 256MB of shared system memory, 0 output[s]
[2015.06.18-04.45.40:914][  0]LogD3D11RHI: Chosen D3D11 Adapter Id = 0
[2015.06.18-04.45.40:921][  0]LogRHI: Texture pool is 708 MB (70% of 1011 MB)
[2015.06.18-04.45.40:934][  0]LogD3D11RHI: Async texture creation disabled: no driver support
[2015.06.18-04.45.40:948][  0]LogShaderCompilers:Display: Using Local Shader Compiler.
[2015.06.18-04.45.43:284][  0]LogTemp:Display: Loaded TP DesktopTargetPlatform
[2015.06.18-04.45.43:318][  0]LogTemp:Display: Loaded TP WindowsClientTargetPlatform
[2015.06.18-04.45.43:358][  0]LogTemp:Display: Loaded TP WindowsNoEditorTargetPlatform
[2015.06.18-04.45.43:402][  0]LogTemp:Display: Loaded TP WindowsServerTargetPlatform
[2015.06.18-04.45.43:443][  0]LogTemp:Display: Loaded TP WindowsTargetPlatform
[2015.06.18-04.45.43:475][  0]LogTemp:Display: Loaded TP AndroidTargetPlatform
[2015.06.18-04.45.43:517][  0]LogTemp:Display: Loaded TP Android_ASTCTargetPlatform
[2015.06.18-04.45.43:558][  0]LogTemp:Display: Loaded TP Android_ATCTargetPlatform
[2015.06.18-04.45.43:586][  0]LogTemp:Display: Loaded TP Android_DXTTargetPlatform
[2015.06.18-04.45.43:619][  0]LogTemp:Display: Loaded TP Android_ETC1TargetPlatform
[2015.06.18-04.45.43:651][  0]LogTemp:Display: Loaded TP Android_ETC2TargetPlatform
[2015.06.18-04.45.43:693][  0]LogTemp:Display: Loaded TP Android_PVRTCTargetPlatform
[2015.06.18-04.45.43:795][  0]LogTemp:Display: Loaded TP IOSTargetPlatform
[2015.06.18-04.45.43:833][  0]LogTemp:Display: Loaded TP LinuxNoEditorTargetPlatform
[2015.06.18-04.45.43:864][  0]LogTemp:Display: Loaded TP LinuxServerTargetPlatform
[2015.06.18-04.45.43:901][  0]LogTemp:Display: Loaded TP LinuxTargetPlatform
[2015.06.18-04.45.43:902][  0]LogTargetPlatformManager:Display: Building Assets For Windows
[2015.06.18-04.45.44:467][  0]LogDerivedDataCache:Display: Max Cache Size: 512 MB
[2015.06.18-04.45.44:596][  0]LogDerivedDataCache: Loaded boot cache 0.13s 53MB C:/Users/Austin/AppData/Local/UnrealEngine/4.8/DerivedDataCache/Boot.ddc.
[2015.06.18-04.45.44:596][  0]LogDerivedDataCache:Display: Loaded Boot cache: C:/Users/Austin/AppData/Local/UnrealEngine/4.8/DerivedDataCache/Boot.ddc
[2015.06.18-04.45.44:596][  0]LogDerivedDataCache: FDerivedDataBackendGraph:  Pak pak cache file ../../../../../../Unreal Projects/BiggerMaps/DerivedDataCache/DDC.ddp not found, will not use a pak cache.
[2015.06.18-04.45.44:596][  0]LogDerivedDataCache: Unable to find inner node Pak for hierarchical cache Hierarchy.
[2015.06.18-04.45.44:596][  0]LogDerivedDataCache: FDerivedDataBackendGraph:  CompressedPak pak cache file ../../../../../../Unreal Projects/BiggerMaps/DerivedDataCache/Compressed.ddp not found, will not use a pak cache.
[2015.06.18-04.45.44:596][  0]LogDerivedDataCache: Unable to find inner node CompressedPak for hierarchical cache Hierarchy.
[2015.06.18-04.45.44:955][  0]LogDerivedDataCache:Display: Pak cache opened for reading ../../../Engine/DerivedDataCache/Compressed.ddp.
[2015.06.18-04.45.44:974][  0]LogDerivedDataCache: Using Local data cache path C:/Users/Austin/AppData/Local/UnrealEngine/Common/DerivedDataCache: Writable
[2015.06.18-04.45.45:687][  0]LogInit: Selected Device Profile: [Windows]
[2015.06.18-04.45.45:930][  0]ImportText (ComponentSweepMultiTests): Missing closing parenthesis: (RootShapeAsset="/Engine/BasicShapes/Cube.Cube",ShapeType="TriggerCapsule",HitResult=(Time=0.50,Location=(X=-100.000015,Y=0.0,Z=100.000015),ImpactPoint=(X=-50.0,Y=0.0,Z=50.0),Normal=(X=-1.0,Y=-0.0,Z=0.0),ImpactNormal=(X=0.0,Y=0.0,Z=1.0),TraceStart=(X=-200.0,Y=0.0,Z=200.0),TraceEnd=(X=0.0,Y=0.0,Z=0.0))
[2015.06.18-04.45.45:931][  0]ImportText (LineTraceSingleByChannelTests): Missing closing parenthesis: (RootShapeAsset="/Engine/BasicShapes/Cube.Cube",HitResult=(Time=0.50,Location=(X=-100.000015,Y=0.0,Z=100.000015),ImpactPoint=(X=-50.0,Y=0.0,Z=50.0),Normal=(X=-1.0,Y=-0.0,Z=0.0),ImpactNormal=(X=0.0,Y=0.0,Z=1.0),TraceStart=(X=-200.0,Y=0.0,Z=200.0),TraceEnd=(X=0.0,Y=0.0,Z=0.0))
[2015.06.18-04.45.46:001][  0]LogMeshUtilities: No automatic mesh reduction module available
[2015.06.18-04.45.46:001][  0]LogMeshUtilities: No automatic mesh merging module available
[2015.06.18-04.45.46:825][  0]LogInit: WinSock: version 1.1 (2.2), MaxSocks=32767, MaxUdp=65467
[2015.06.18-04.45.49:513][  0]LogAssetRegistry: FAssetRegistry took 0.0124 seconds to start up
[2015.06.18-04.45.49:546][  0]LogDirectoryWatcher:Warning: Failed to begin reading directory changes for ../../../Engine/Plugins/Experimental/CharacterAI/Content/. Error: 0
[2015.06.18-04.45.49:588][  0]UdpMessaging: Initializing bridge on interface 0.0.0.0:0 to multicast group 230.0.0.1:6666.
[2015.06.18-04.45.50:433][  0]SourceControl: Info Source control is disabled
[2015.06.18-04.45.50:434][  0]SourceControl: Info Source control is disabled
[2015.06.18-04.45.50:463][  0]SourceControl: Info Source control is disabled
[2015.06.18-04.45.50:492][  0]SourceControl: Info Source control is disabled
[2015.06.18-04.45.51:112][  0]LogObj: 26440 objects as part of root set at end of initial load.
[2015.06.18-04.45.51:112][  0]LogUObjectAllocator: 5438856 out of 0 bytes used by permanent object pool.
[2015.06.18-04.45.51:249][  0]LogEngine: Initializing Engine...
[2015.06.18-04.45.51:252][  0]LogHMD: Can't find Oculus library dev build: is proper Runtime installed? Version: 0.6.0.0
[2015.06.18-04.45.51:260][  0]LogHMD:Warning: SteamVR failed to initialize.  Error: 108
[2015.06.18-04.45.51:617][  0]LogAIModule: Creating AISystem for world NewWorld
[2015.06.18-04.45.51:633][  0]LogInit: XAudio2 using 'Speakers (C-Media PCI Audio Device)' : 2 channels at 48 kHz using 16 bits per sample (channel mask 0x3)
[2015.06.18-04.45.51:646][  0]LogInit: FAudioDevice initialized.
[2015.06.18-04.45.51:694][  0]LogDerivedDataCache: Saved boot cache 0.05s 53MB C:/Users/Austin/AppData/Local/UnrealEngine/4.8/DerivedDataCache/Boot.ddc.
[2015.06.18-04.45.51:711][  0]LogInit: Texture streaming: Disabled
[2015.06.18-04.45.51:782][  0]LogAnalytics: Creating configured Analytics provider AnalyticsET
[2015.06.18-04.45.51:782][  0]LogAnalytics: [UEEditor.Rocket.Release] APIServer = http://et2.epicgames.com/ET2/. AppVersion = 4.8.0-2579680+++depot+UE4-Releases+4.8
[2015.06.18-04.45.51:782][  0]LogAnalytics: [UEEditor.Rocket.Release] SetUserId 519084724740dda3b7f63ca7a359850f|c6aa7279e153481db5acecb7e00916cf|c5a11cdf-dcde-41ca-949f-90f749409fcd
[2015.06.18-04.45.51:783][  0]LogAnalytics: [UEEditor.Rocket.Release] AnalyticsET::StartSession
[2015.06.18-04.45.51:836][  0]LogInit: Transaction tracking system initialized
[2015.06.18-04.45.52:194][  0]BlueprintLog: New page: Editor Load
[2015.06.18-04.45.53:590][  0]LogConsoleManager:Warning: Console variable 'r.VSync' wasn't set ('GameSetting' has a lower priority than 'SystemSettingsIni')
[2015.06.18-04.45.53:591][  0]LogConsoleResponse:Display: 
[2015.06.18-04.45.53:851][  0]LogCook:Display: Done creating registry. It took  0.00s.
[2015.06.18-04.45.54:321][  0]SourceControl: Info Source control is disabled
[2015.06.18-04.45.54:322][  0]Cmd: MAP LOAD FILE="../../../../../../Unreal Projects/BiggerMaps/Content/FirstPersonBP/Maps/FirstPersonExampleMap.umap" TEMPLATE=0 SHOWPROGRESS=1 FEATURELEVEL=3
[2015.06.18-04.45.54:340][  0]LightingResults: New page: Lighting Build
[2015.06.18-04.45.54:365][  0]MapCheck: New page: Map Check
[2015.06.18-04.45.54:365][  0]LightingResults: New page: Lighting Build
[2015.06.18-04.45.54:401][  0]LogParticles: Destroying 0 GPU particle simulations for FXSystem 0x000000C0BCCE28E0
[2015.06.18-04.45.58:469][  0]LogAIModule: Creating AISystem for world FirstPersonExampleMap
[2015.06.18-04.45.58:492][  0]LogEditorServer: Finished looking for orphan Actors (0.000 secs)
[2015.06.18-04.46.01:101][  0]Cmd: MAP CHECKDEP NOCLEARLOG
[2015.06.18-04.46.01:223][  0]MapCheck: Info Map check complete: 0 Error(s), 0 Warning(s), took 121.219ms to complete.
[2015.06.18-04.46.01:223][  0]LogFileHelpers: Loading map 'FirstPersonExampleMap' took 6.902
[2015.06.18-04.46.01:378][  0]LogCollectionManager: Loaded 0 collections in 0.008655 seconds
[2015.06.18-04.46.01:397][  0]LogContentBrowser: Native class hierarchy populated in 0.0192 seconds. Added 1807 classes and 307 folders.
[2015.06.18-04.46.01:518][  0]LogContentBrowser: Native class hierarchy updated for 'WidgetCarousel' in 0.0015 seconds. Added 0 classes and 0 folders.
[2015.06.18-04.46.01:591][  0]LogContentBrowser: Native class hierarchy updated for 'AddContentDialog' in 0.0004 seconds. Added 0 classes and 0 folders.
[2015.06.18-04.46.01:747][  0]LogContentBrowser: Native class hierarchy updated for 'SceneOutliner' in 0.0005 seconds. Added 1 classes and 2 folders.
[2015.06.18-04.46.01:851][  0]LogCrashTracker: Crashtracker disabled due to settings.
[2015.06.18-04.46.01:876][  0]LogUObjectGlobals:Warning: Failed to find object 'Class None.'
[2015.06.18-04.46.01:900][  0]LogLoad: Full Startup: 26.50 seconds (BP compile: 1.02 seconds)
[2015.06.18-04.46.02:333][  0]LogContentStreaming: Texture pool size is 0.000000MB
[2015.06.18-04.46.02:420][  0]LogContentStreaming: Texture pool size now 1000 MB
[2015.06.18-04.46.48:811][  0]LogWindows:Error: Windows GetLastError: The operation completed successfully. (0)
[2015.06.18-04.46.48:811][  0]LogCrashTracker: 


[2015.06.18-04.46.48:812][  0]LogThreadingWindows:Error: Runnable thread RenderThread 2 crashed.
[2015.06.18-04.46.48:812][  0]LogCrashTracker: 


[2015.06.18-04.46.48:812][  0]LogWindows: === Critical error: ===
Assertion failed: ThreadID == FPlatformTLS::GetCurrentThreadId() [File:D:\BuildFarm\buildmachine_++depot+UE4-Releases+4.8\Engine\Source\Runtime\Core\Private\HAL\ThreadingBase.cpp] [Line: 266] 



KERNELBASE.dll {0x00007ffe08628b9c} + 0 bytes
UE4Editor-Core.dll!FOutputDeviceWindowsError::Serialize() {0x00007ffde115781f} + 0 bytes [d:\buildfarm\buildmachine_++depot+ue4-releases+4.8\engine\sou
UE4Editor-Core.dll!FOutputDevice::Logf__VA() {0x00007ffde1010d18} + 159 bytes [d:\buildfarm\buildmachine_++depot+ue4-releases+4.8\engine\sou
UE4Editor-Core.dll!FDebug::AssertFailed() {0x00007ffde0fe1ad2} + 65 bytes [d:\buildfarm\buildmachine_++depot+ue4-releases+4.8\engine\sou
UE4Editor-Core.dll!FRunnableThread::SetTls() {0x00007ffde0eaca20} + 0 bytes [d:\buildfarm\buildmachine_++depot+ue4-releases+4.8\engine\sou
UE4Editor-Core.dll!FRunnableThreadWin::Run() {0x00007ffde11565ee} + 0 bytes [d:\buildfarm\buildmachine_++depot+ue4-releases+4.8\engine\sou
UE4Editor-Core.dll!FRunnableThreadWin::GuardedRun() {0x00007ffde11414ad} + 8 bytes [d:\bui