[2015.06.18-07.48.35:363][  0]Log file open, 06/18/15 02:48:35
[2015.06.18-07.48.35:363][  0]LogInit:Display: Running engine for game: BiggerMaps
[2015.06.18-07.48.35:363][  0]LogInit:Display: RandInit(-790305667) SRandInit(-790305667).
[2015.06.18-07.48.35:363][  0]LogTaskGraph: Started task graph with 4 named threads and 5 total threads.
[2015.06.18-07.48.35:363][  0]LogStats: Stats thread started
[2015.06.18-07.48.35:363][  0]LogInit: Version: 4.8.0-2579680+++depot+UE4-Releases+4.8
[2015.06.18-07.48.35:363][  0]LogInit: API Version: 2579680
[2015.06.18-07.48.35:363][  0]LogInit: Compiled (64-bit): Jun  8 2015 03:34:53
[2015.06.18-07.48.35:363][  0]LogInit: Compiled with Visual C++: 18.00.21005.01
[2015.06.18-07.48.35:363][  0]LogInit: Build Configuration: Development
[2015.06.18-07.48.35:363][  0]LogInit: Branch Name: ++depot+UE4-Releases+4.8
[2015.06.18-07.48.35:363][  0]LogInit: Command line:  
[2015.06.18-07.48.35:363][  0]LogInit: Base directory: D:/Program Files/Epic Games/4.8/Engine/Binaries/Win64/
[2015.06.18-07.48.35:363][  0]LogInit: Rocket: 1
[2015.06.18-07.48.35:395][  0]LogInit: Using libcurl 7.41.0
[2015.06.18-07.48.35:395][  0]LogInit:  - built for x86_64-pc-win32
[2015.06.18-07.48.35:395][  0]LogInit:  - supports SSL with WinSSL
[2015.06.18-07.48.35:395][  0]LogInit:  - other features:
[2015.06.18-07.48.35:395][  0]LogInit:      CURL_VERSION_SSL
[2015.06.18-07.48.35:395][  0]LogInit:      CURL_VERSION_IPV6
[2015.06.18-07.48.35:395][  0]LogInit:      CURL_VERSION_ASYNCHDNS
[2015.06.18-07.48.35:395][  0]LogInit:      CURL_VERSION_LARGEFILE
[2015.06.18-07.48.35:395][  0]LogInit:      CURL_VERSION_IDN
[2015.06.18-07.48.35:395][  0]LogInit:  CurlRequestOptions (configurable via config and command line):
[2015.06.18-07.48.35:395][  0]LogInit:  - bVerifyPeer = true  - Libcurl will verify peer certificate
[2015.06.18-07.48.35:395][  0]LogInit:  - bUseHttpProxy = false  - Libcurl will NOT use HTTP proxy
[2015.06.18-07.48.35:395][  0]LogInit:  - bDontReuseConnections = false  - Libcurl will reuse connections
[2015.06.18-07.48.35:395][  0]LogInit:  - CertBundlePath = nullptr  - Libcurl will use whatever was configured at build time.
[2015.06.18-07.48.35:410][  0]LogOnline:Warning: No default platform service specified for OnlineSubsystem
[2015.06.18-07.48.35:429][  0]LogInit: Presizing for 0 objects not considered by GC, pre-allocating 0 bytes.
[2015.06.18-07.48.35:440][  0]LogInit: Object subsystem initialized
[2015.06.18-07.48.35:441][  0]LogConsoleResponse:Warning: Skipping Unknown console variable: 'TranslucentSortAxis = (X=0.000000,Y=-1.000000,Z=0.000000)'
[2015.06.18-07.48.35:441][  0]LogConsoleResponse:Warning:   Found in ini file 'D:/Unreal Projects/BiggerMaps/Saved/Config/Windows/Engine.ini', in section '[/Script/Engine.RendererSettings]'
[2015.06.18-07.48.35:441][  0]LogConsoleResponse:Warning: Skipping Unknown console variable: 'UIScaleRule = ShortestSide'
[2015.06.18-07.48.35:441][  0]LogConsoleResponse:Warning:   Found in ini file 'D:/Unreal Projects/BiggerMaps/Saved/Config/Windows/Engine.ini', in section '[/Script/Engine.RendererSettings]'
[2015.06.18-07.48.35:441][  0]LogConsoleResponse:Warning: Skipping Unknown console variable: 'UIScaleCurve = (EditorCurveData=(Keys=),ExternalCurve=None)'
[2015.06.18-07.48.35:441][  0]LogConsoleResponse:Warning:   Found in ini file 'D:/Unreal Projects/BiggerMaps/Saved/Config/Windows/Engine.ini', in section '[/Script/Engine.RendererSettings]'
[2015.06.18-07.48.35:441][  0]LogInit: Selected Device Profile: [Windows]
[2015.06.18-07.48.35:441][  0]LogInit: Applying CVar settings loaded from the selected device profile: [Windows]
[2015.06.18-07.48.35:455][  0]LogInit: Computer: DOOMSDAY
[2015.06.18-07.48.35:455][  0]LogInit: User: Austin
[2015.06.18-07.48.35:455][  0]LogInit: CPU Page size=4096, Cores=2
[2015.06.18-07.48.35:455][  0]LogInit: High frequency timer resolution =3.030330 MHz
[2015.06.18-07.48.35:455][  0]LogMemory: Memory total: Physical=12.0GB (12GB approx)
[2015.06.18-07.48.35:455][  0]LogMemory: Platform Memory Stats for Windows
[2015.06.18-07.48.35:455][  0]LogMemory: Process Physical Memory: 48.18 MB used, 48.18 MB peak
[2015.06.18-07.48.35:455][  0]LogMemory: Process Virtual Memory: 22.22 MB used, 22.22 MB peak
[2015.06.18-07.48.35:455][  0]LogMemory: Physical Memory: 3789.56 MB used, 12249.06 MB total
[2015.06.18-07.48.35:455][  0]LogMemory: Virtual Memory: 294.57 MB used, 134217728.00 MB total
[2015.06.18-07.48.35:490][  0]LogTextLocalizationManager: The requested culture ('en_US') has no localization data; parent culture's ('en') localization data will be used.
[2015.06.18-07.48.35:729][  0]LogTextLocalizationManager:Warning: Loaded localization resources contain conflicting entries for (Namespace:ContentBrowser, Key:ImportAssetToolTip):
Localization Resource: (D:/Program Files/Epic Games/4.8/Engine/Content/Localization/Editor/en/Editor.locres) Source String Hash: (-630476809) Localized String: (Import to {0}...)
Localization Resource: (D:/Program Files/Epic Games/4.8/Engine/Content/Localization/Editor/en/Editor.locres) Source String Hash: (1271782899) Localized String: (Imports an asset from file to this folder.)
[2015.06.18-07.48.36:253][  0]LogD3D11RHI: Found D3D11 adapter 0: AMD Radeon HD 6800 Series (Feature Level 11_0)
[2015.06.18-07.48.36:253][  0]LogD3D11RHI: Adapter has 1011MB of dedicated video memory, 0MB of dedicated system memory, and 3840MB of shared system memory, 2 output[s]
[2015.06.18-07.48.36:254][  0]LogD3D11RHI: Found D3D11 adapter 1: Microsoft Basic Render Driver (Feature Level 11_0)
[2015.06.18-07.48.36:254][  0]LogD3D11RHI: Adapter has 0MB of dedicated video memory, 0MB of dedicated system memory, and 256MB of shared system memory, 0 output[s]
[2015.06.18-07.48.36:254][  0]LogD3D11RHI: Chosen D3D11 Adapter Id = 0
[2015.06.18-07.48.36:259][  0]LogRHI: Texture pool is 708 MB (70% of 1011 MB)
[2015.06.18-07.48.36:265][  0]LogD3D11RHI: Async texture creation disabled: no driver support
[2015.06.18-07.48.36:276][  0]LogShaderCompilers:Display: Using Local Shader Compiler.
[2015.06.18-07.48.37:325][  0]LogTemp:Display: Loaded TP DesktopTargetPlatform
[2015.06.18-07.48.37:341][  0]LogTemp:Display: Loaded TP WindowsClientTargetPlatform
[2015.06.18-07.48.37:359][  0]LogTemp:Display: Loaded TP WindowsNoEditorTargetPlatform
[2015.06.18-07.48.37:376][  0]LogTemp:Display: Loaded TP WindowsServerTargetPlatform
[2015.06.18-07.48.37:395][  0]LogTemp:Display: Loaded TP WindowsTargetPlatform
[2015.06.18-07.48.37:409][  0]LogTemp:Display: Loaded TP AndroidTargetPlatform
[2015.06.18-07.48.37:425][  0]LogTemp:Display: Loaded TP Android_ASTCTargetPlatform
[2015.06.18-07.48.37:442][  0]LogTemp:Display: Loaded TP Android_ATCTargetPlatform
[2015.06.18-07.48.37:457][  0]LogTemp:Display: Loaded TP Android_DXTTargetPlatform
[2015.06.18-07.48.37:472][  0]LogTemp:Display: Loaded TP Android_ETC1TargetPlatform
[2015.06.18-07.48.37:489][  0]LogTemp:Display: Loaded TP Android_ETC2TargetPlatform
[2015.06.18-07.48.37:503][  0]LogTemp:Display: Loaded TP Android_PVRTCTargetPlatform
[2015.06.18-07.48.37:559][  0]LogTemp:Display: Loaded TP IOSTargetPlatform
[2015.06.18-07.48.37:572][  0]LogTemp:Display: Loaded TP LinuxNoEditorTargetPlatform
[2015.06.18-07.48.37:590][  0]LogTemp:Display: Loaded TP LinuxServerTargetPlatform
[2015.06.18-07.48.37:606][  0]LogTemp:Display: Loaded TP LinuxTargetPlatform
[2015.06.18-07.48.37:606][  0]LogTargetPlatformManager:Display: Building Assets For Windows
[2015.06.18-07.48.37:867][  0]LogDerivedDataCache:Display: Max Cache Size: 512 MB
[2015.06.18-07.48.37:932][  0]LogDerivedDataCache: Loaded boot cache 0.06s 53MB C:/Users/Austin/AppData/Local/UnrealEngine/4.8/DerivedDataCache/Boot.ddc.
[2015.06.18-07.48.37:932][  0]LogDerivedDataCache:Display: Loaded Boot cache: C:/Users/Austin/AppData/Local/UnrealEngine/4.8/DerivedDataCache/Boot.ddc
[2015.06.18-07.48.37:932][  0]LogDerivedDataCache: FDerivedDataBackendGraph:  Pak pak cache file ../../../../../../Unreal Projects/BiggerMaps/DerivedDataCache/DDC.ddp not found, will not use a pak cache.
[2015.06.18-07.48.37:932][  0]LogDerivedDataCache: Unable to find inner node Pak for hierarchical cache Hierarchy.
[2015.06.18-07.48.37:932][  0]LogDerivedDataCache: FDerivedDataBackendGraph:  CompressedPak pak cache file ../../../../../../Unreal Projects/BiggerMaps/DerivedDataCache/Compressed.ddp not found, will not use a pak cache.
[2015.06.18-07.48.37:932][  0]LogDerivedDataCache: Unable to find inner node CompressedPak for hierarchical cache Hierarchy.
[2015.06.18-07.48.38:105][  0]LogDerivedDataCache:Display: Pak cache opened for reading ../../../Engine/DerivedDataCache/Compressed.ddp.
[2015.06.18-07.48.38:117][  0]LogDerivedDataCache: Using Local data cache path C:/Users/Austin/AppData/Local/UnrealEngine/Common/DerivedDataCache: Writable
[2015.06.18-07.48.38:402][  0]LogInit: Selected Device Profile: [Windows]
[2015.06.18-07.48.38:507][  0]ImportText (ComponentSweepMultiTests): Missing closing parenthesis: (RootShapeAsset="/Engine/BasicShapes/Cube.Cube",ShapeType="TriggerCapsule",HitResult=(Time=0.50,Location=(X=-100.000015,Y=0.0,Z=100.000015),ImpactPoint=(X=-50.0,Y=0.0,Z=50.0),Normal=(X=-1.0,Y=-0.0,Z=0.0),ImpactNormal=(X=0.0,Y=0.0,Z=1.0),TraceStart=(X=-200.0,Y=0.0,Z=200.0),TraceEnd=(X=0.0,Y=0.0,Z=0.0))
[2015.06.18-07.48.38:508][  0]ImportText (LineTraceSingleByChannelTests): Missing closing parenthesis: (RootShapeAsset="/Engine/BasicShapes/Cube.Cube",HitResult=(Time=0.50,Location=(X=-100.000015,Y=0.0,Z=100.000015),ImpactPoint=(X=-50.0,Y=0.0,Z=50.0),Normal=(X=-1.0,Y=-0.0,Z=0.0),ImpactNormal=(X=0.0,Y=0.0,Z=1.0),TraceStart=(X=-200.0,Y=0.0,Z=200.0),TraceEnd=(X=0.0,Y=0.0,Z=0.0))
[2015.06.18-07.48.38:541][  0]LogMeshUtilities: No automatic mesh reduction module available
[2015.06.18-07.48.38:541][  0]LogMeshUtilities: No automatic mesh merging module available
[2015.06.18-07.48.38:934][  0]LogInit: WinSock: version 1.1 (2.2), MaxSocks=32767, MaxUdp=65467
[2015.06.18-07.48.40:172][  0]LogAssetRegistry: FAssetRegistry took 0.0104 seconds to start up
[2015.06.18-07.48.40:191][  0]LogDirectoryWatcher:Warning: Failed to begin reading directory changes for ../../../Engine/Plugins/Experimental/CharacterAI/Content/. Error: 0
[2015.06.18-07.48.40:209][  0]UdpMessaging: Initializing bridge on interface 0.0.0.0:0 to multicast group 230.0.0.1:6666.
[2015.06.18-07.48.40:619][  0]SourceControl: Info Source control is disabled
[2015.06.18-07.48.40:620][  0]SourceControl: Info Source control is disabled
[2015.06.18-07.48.40:634][  0]SourceControl: Info Source control is disabled
[2015.06.18-07.48.40:647][  0]SourceControl: Info Source control is disabled
[2015.06.18-07.48.40:966][  0]LogObj: 26440 objects as part of root set at end of initial load.
[2015.06.18-07.48.40:966][  0]LogUObjectAllocator: 5438856 out of 0 bytes used by permanent object pool.
[2015.06.18-07.48.41:054][  0]LogEngine: Initializing Engine...
[2015.06.18-07.48.41:056][  0]LogHMD: Can't find Oculus library dev build: is proper Runtime installed? Version: 0.6.0.0
[2015.06.18-07.48.41:074][  0]LogHMD:Warning: SteamVR failed to initialize.  Error: 108
[2015.06.18-07.48.41:268][  0]LogAIModule: Creating AISystem for world NewWorld
[2015.06.18-07.48.41:276][  0]LogInit: XAudio2 using 'Speakers (C-Media PCI Audio Device)' : 2 channels at 48 kHz using 16 bits per sample (channel mask 0x3)
[2015.06.18-07.48.41:281][  0]LogInit: FAudioDevice initialized.
[2015.06.18-07.48.41:310][  0]LogDerivedDataCache: Saved boot cache 0.03s 53MB C:/Users/Austin/AppData/Local/UnrealEngine/4.8/DerivedDataCache/Boot.ddc.
[2015.06.18-07.48.41:320][  0]LogInit: Texture streaming: Disabled
[2015.06.18-07.48.41:351][  0]LogAnalytics: Creating configured Analytics provider AnalyticsET
[2015.06.18-07.48.41:351][  0]LogAnalytics: [UEEditor.Rocket.Release] APIServer = http://et2.epicgames.com/ET2/. AppVersion = 4.8.0-2579680+++depot+UE4-Releases+4.8
[2015.06.18-07.48.41:351][  0]LogAnalytics: [UEEditor.Rocket.Release] SetUserId 519084724740dda3b7f63ca7a359850f|c6aa7279e153481db5acecb7e00916cf|c5a11cdf-dcde-41ca-949f-90f749409fcd
[2015.06.18-07.48.41:351][  0]LogAnalytics: [UEEditor.Rocket.Release] AnalyticsET::StartSession
[2015.06.18-07.48.41:383][  0]LogInit: Transaction tracking system initialized
[2015.06.18-07.48.41:539][  0]BlueprintLog: New page: Editor Load
[2015.06.18-07.48.42:267][  0]LogConsoleManager:Warning: Console variable 'r.VSync' wasn't set ('GameSetting' has a lower priority than 'SystemSettingsIni')
[2015.06.18-07.48.42:271][  0]LogConsoleResponse:Display: 
[2015.06.18-07.48.42:406][  0]LogCook:Display: Done creating registry. It took  0.00s.
[2015.06.18-07.48.42:621][  0]SourceControl: Info Source control is disabled
[2015.06.18-07.48.42:621][  0]Cmd: MAP LOAD FILE="../../../../../../Unreal Projects/BiggerMaps/Content/FirstPersonBP/Maps/FirstPersonExampleMap.umap" TEMPLATE=0 SHOWPROGRESS=1 FEATURELEVEL=3
[2015.06.18-07.48.42:641][  0]LightingResults: New page: Lighting Build
[2015.06.18-07.48.42:656][  0]MapCheck: New page: Map Check
[2015.06.18-07.48.42:656][  0]LightingResults: New page: Lighting Build
[2015.06.18-07.48.42:674][  0]LogParticles: Destroying 0 GPU particle simulations for FXSystem 0x0000002A8AB028E0
[2015.06.18-07.48.55:137][  0]LogAIModule: Creating AISystem for world FirstPersonExampleMap
[2015.06.18-07.48.55:153][  0]LogEditorServer: Finished looking for orphan Actors (0.000 secs)
[2015.06.18-07.48.56:701][  0]Cmd: MAP CHECKDEP NOCLEARLOG
[2015.06.18-07.48.56:752][  0]MapCheck: Info Map check complete: 0 Error(s), 0 Warning(s), took 51.07ms to complete.
[2015.06.18-07.48.56:752][  0]LogFileHelpers: Loading map 'FirstPersonExampleMap' took 14.131
[2015.06.18-07.48.56:873][  0]LogCollectionManager: Loaded 0 collections in 0.002313 seconds
[2015.06.18-07.48.56:880][  0]LogContentBrowser: Native class hierarchy populated in 0.0078 seconds. Added 1807 classes and 307 folders.
[2015.06.18-07.48.56:936][  0]LogContentBrowser: Native class hierarchy updated for 'WidgetCarousel' in 0.0004 seconds. Added 0 classes and 0 folders.
[2015.06.18-07.48.56:968][  0]LogContentBrowser: Native class hierarchy updated for 'AddContentDialog' in 0.0004 seconds. Added 0 classes and 0 folders.
[2015.06.18-07.48.57:029][  0]LogContentBrowser: Native class hierarchy updated for 'SceneOutliner' in 0.0004 seconds. Added 1 classes and 2 folders.
[2015.06.18-07.48.57:071][  0]LogCrashTracker: Crashtracker disabled due to settings.
[2015.06.18-07.48.57:076][  0]LogUObjectGlobals:Warning: Failed to find object 'Class None.'
[2015.06.18-07.48.57:099][  0]LogLoad: Full Startup: 23.80 seconds (BP compile: 0.48 seconds)
[2015.06.18-07.48.57:177][  0]LogContentStreaming: Texture pool size is 0.000000MB
[2015.06.18-07.48.57:215][  0]LogContentStreaming: Texture pool size now 700 MB
[2015.06.18-07.48.57:456][  0]LogRenderer: Reallocating scene render targets to support 888x1032 (Frame:2).
[2015.06.18-07.49.00:534][  9]LogAssetRegistry: Asset discovery search completed in 20.3722 seconds
[2015.06.18-07.49.14:746][435]Cmd: MAP LOAD FILE="../../../../../../Unreal Projects/BiggerMaps/Content/mp_shipment.umap" TEMPLATE=0 SHOWPROGRESS=1 FEATURELEVEL=3
[2015.06.18-07.49.14:781][435]LightingResults: New page: Lighting Build
[2015.06.18-07.49.14:833][435]LoadErrors: New page: Loading map: mp_shipment.umap
[2015.06.18-07.49.14:834][435]MapCheck: New page: Map Check
[2015.06.18-07.49.14:834][435]LightingResults: New page: Lighting Build
[2015.06.18-07.49.14:864][435]LogParticles: Destroying 0 GPU particle simulations for FXSystem 0x0000002AFB8F9BC0
[2015.06.18-07.49.15:496][435]LogAIModule: Creating AISystem for world mp_shipment
[2015.06.18-07.49.15:520][435]LogEditorServer: Finished looking for orphan Actors (0.000 secs)
[2015.06.18-07.49.15:580][435]Cmd: MAP CHECKDEP NOCLEARLOG
[2015.06.18-07.49.15:637][435]MapCheck: Info Map check complete: 0 Error(s), 0 Warning(s), took 56.898ms to complete.
[2015.06.18-07.49.15:637][435]LogFileHelpers: Loading map 'mp_shipment' took 0.893
[2015.06.18-07.49.33:235][135]LogLinker:Warning: Asset '../../../Engine/Content/ArtTools/RenderToTexture/Macros/RenderToTextureMacros.uasset' has been saved with empty engine version. The asset will be loaded but may be incompatible.
[2015.06.18-07.49.33:292][135]LogLinker:Warning: Asset '../../../Engine/Content/ArtTools/RenderToTexture/Enums/RenderToTexture_Enum.uasset' has been saved with empty engine version. The asset will be loaded but may be incompatible.
[2015.06.18-07.50.10:676][538]LogActorComponent: UnregisterComponent: (/Engine/Transient.ProjectileMovementComponent_40__A6522401) Not registered. Aborting.
[2015.06.18-07.50.10:676][538]LogActorComponent: UnregisterComponent: (/Engine/Transient.CharMoveComp) Not registered. Aborting.
[2015.06.18-07.50.10:748][541]BlueprintLog: New page: Compile FirstPersonCharacter
[2015.06.18-07.50.10:881][541]LogActorComponent: UnregisterComponent: (/Engine/Transient.CharacterMovementComponent_0) Not registered. Aborting.
[2015.06.18-07.50.10:975][541]BlueprintEditorCompileResults: Info [0097.68] Compile of FirstPersonCharacter successful! [in 225 ms]
[2015.06.18-07.50.15:959][787]LogPlayLevel: PIE:  No blueprints needed recompiling
[2015.06.18-07.50.15:961][787]PIE: New page: SIE session: mp_shipment (Jun 17, 2015, 9:50:15 PM)
[2015.06.18-07.50.15:961][787]LogPlayLevel: Creating play world package: /Game/UEDPIE_0_mp_shipment
[2015.06.18-07.50.15:995][787]LogPlayLevel: PIE: StaticDuplicateObject took: (0.033491s)
[2015.06.18-07.50.15:996][787]LogAIModule: Creating AISystem for world mp_shipment
[2015.06.18-07.50.15:996][787]LogPlayLevel: PIE: World Init took: (0.001434s)
[2015.06.18-07.50.15:997][787]LogPlayLevel: PIE: Created PIE world by copying editor world from /Game/mp_shipment.mp_shipment to /Game/UEDPIE_0_mp_shipment.mp_shipment (0.035169s)
[2015.06.18-07.50.15:997][787]LogActorComponent: UnregisterComponent: (/Engine/Transient.CharMoveComp) Not registered. Aborting.
[2015.06.18-07.50.16:050][787]LogInit: XAudio2 using 'Speakers (C-Media PCI Audio Device)' : 2 channels at 48 kHz using 16 bits per sample (channel mask 0x3)
[2015.06.18-07.50.16:053][787]LogInit: FAudioDevice initialized.
[2015.06.18-07.50.16:305][787]LogWorld: Game class is 'FirstPersonGameMode_C'
[2015.06.18-07.50.16:315][787]LogWorld: Bringing World /Game/UEDPIE_0_mp_shipment.mp_shipment up for play (max tick rate 0) at 2015.06.18-02.50.16
[2015.06.18-07.50.16:316][787]LogActor:Warning: GameSession /Game/UEDPIE_0_mp_shipment.mp_shipment:PersistentLevel.GameSession_0 has natively added scene component(s), but none of them were set as the actor's RootComponent - picking one arbitrarily
[2015.06.18-07.50.16:316][787]LogActor:Warning: GameNetworkManager /Game/UEDPIE_0_mp_shipment.mp_shipment:PersistentLevel.GameNetworkManager_0 has natively added scene component(s), but none of them were set as the actor's RootComponent - picking one arbitrarily
[2015.06.18-07.50.16:319][787]LogWorld: Bringing up level for play took: 0.012147
[2015.06.18-07.50.16:321][787]PIE: Info Play in editor start time for /Game/UEDPIE_0_mp_shipment 0.843
[2015.06.18-07.50.21:456][ 27]LogParticles: Destroying 0 GPU particle simulations for FXSystem 0x0000002AB52EB920
[2015.06.18-07.50.27:849][531]LogPlayLevel: PIE:  No blueprints needed recompiling
[2015.06.18-07.50.27:849][531]PIE: New page: PIE session: mp_shipment (Jun 17, 2015, 9:50:27 PM)
[2015.06.18-07.50.27:850][531]LogPlayLevel: Creating play world package: /Game/UEDPIE_0_mp_shipment
[2015.06.18-07.50.27:883][531]LogPlayLevel: PIE: StaticDuplicateObject took: (0.032985s)
[2015.06.18-07.50.27:883][531]LogAIModule: Creating AISystem for world mp_shipment
[2015.06.18-07.50.27:884][531]LogPlayLevel: PIE: World Init took: (0.001201s)
[2015.06.18-07.50.27:884][531]LogPlayLevel: PIE: Created PIE world by copying editor world from /Game/mp_shipment.mp_shipment to /Game/UEDPIE_0_mp_shipment.mp_shipment (0.034401s)
[2015.06.18-07.50.27:939][531]LogInit: XAudio2 using 'Speakers (C-Media PCI Audio Device)' : 2 channels at 48 kHz using 16 bits per sample (channel mask 0x3)
[2015.06.18-07.50.27:942][531]LogInit: FAudioDevice initialized.
[2015.06.18-07.50.27:984][531]LogWorld: Game class is 'FirstPersonGameMode_C'
[2015.06.18-07.50.27:997][531]LogWorld: Bringing World /Game/UEDPIE_0_mp_shipment.mp_shipment up for play (max tick rate 0) at 2015.06.18-02.50.27
[2015.06.18-07.50.27:997][531]LogActor:Warning: GameSession /Game/UEDPIE_0_mp_shipment.mp_shipment:PersistentLevel.GameSession_1 has natively added scene component(s), but none of them were set as the actor's RootComponent - picking one arbitrarily
[2015.06.18-07.50.27:997][531]LogActor:Warning: GameNetworkManager /Game/UEDPIE_0_mp_shipment.mp_shipment:PersistentLevel.GameNetworkManager_1 has natively added scene component(s), but none of them were set as the actor's RootComponent - picking one arbitrarily
[2015.06.18-07.50.28:000][531]LogWorld: Bringing up level for play took: 0.014180
[2015.06.18-07.50.28:005][531]PIE: Info Play in editor start time for /Game/UEDPIE_0_mp_shipment 0.527
[2015.06.18-07.50.41:142][122]LogParticles: Destroying 0 GPU particle simulations for FXSystem 0x0000002AB9814720
[2015.06.18-07.50.46:344][374]LogActorComponent: UnregisterComponent: (/Engine/Transient.ProjectileMovementComponent_40__A6522401) Not registered. Aborting.
[2015.06.18-07.50.46:344][374]LogActorComponent: UnregisterComponent: (/Engine/Transient.CharMoveComp) Not registered. Aborting.
[2015.06.18-07.50.48:696][490]BlueprintLog: New page: Compile FirstPersonCharacter
[2015.06.18-07.50.48:817][490]LogActorComponent: UnregisterComponent: (/Engine/Transient.CharacterMovementComponent_1) Not registered. Aborting.
[2015.06.18-07.50.48:884][490]BlueprintEditorCompileResults: Info [0135.59] Compile of FirstPersonCharacter successful! [in 187 ms]
[2015.06.18-07.50.53:779][763]LogPlayLevel: PIE:  No blueprints needed recompiling
[2015.06.18-07.50.53:780][763]PIE: New page: PIE session: mp_shipment (Jun 17, 2015, 9:50:53 PM)
[2015.06.18-07.50.53:783][763]LogPlayLevel: Creating play world package: /Game/UEDPIE_0_mp_shipment
[2015.06.18-07.50.53:817][763]LogPlayLevel: PIE: StaticDuplicateObject took: (0.033341s)
[2015.06.18-07.50.53:817][763]LogAIModule: Creating AISystem for world mp_shipment
[2015.06.18-07.50.53:818][763]LogPlayLevel: PIE: World Init took: (0.001482s)
[2015.06.18-07.50.53:818][763]LogPlayLevel: PIE: Created PIE world by copying editor world from /Game/mp_shipment.mp_shipment to /Game/UEDPIE_0_mp_shipment.mp_shipment (0.035080s)
[2015.06.18-07.50.53:818][763]LogActorComponent: UnregisterComponent: (/Engine/Transient.CharMoveComp) Not registered. Aborting.
[2015.06.18-07.50.53:872][763]LogInit: XAudio2 using 'Speakers (C-Media PCI Audio Device)' : 2 channels at 48 kHz using 16 bits per sample (channel mask 0x3)
[2015.06.18-07.50.53:875][763]LogInit: FAudioDevice initialized.
[2015.06.18-07.50.53:920][763]LogWorld: Game class is 'FirstPersonGameMode_C'
[2015.06.18-07.50.53:929][763]LogWorld: Bringing World /Game/UEDPIE_0_mp_shipment.mp_shipment up for play (max tick rate 0) at 2015.06.18-02.50.53
[2015.06.18-07.50.53:929][763]LogActor:Warning: GameSession /Game/UEDPIE_0_mp_shipment.mp_shipment:PersistentLevel.GameSession_2 has natively added scene component(s), but none of them were set as the actor's RootComponent - picking one arbitrarily
[2015.06.18-07.50.53:929][763]LogActor:Warning: GameNetworkManager /Game/UEDPIE_0_mp_shipment.mp_shipment:PersistentLevel.GameNetworkManager_2 has natively added scene component(s), but none of them were set as the actor's RootComponent - picking one arbitrarily
[2015.06.18-07.50.53:932][763]LogWorld: Bringing up level for play took: 0.011220
[2015.06.18-07.50.53:936][763]PIE: Info Play in editor start time for /Game/UEDPIE_0_mp_shipment 0.459
[2015.06.18-07.50.56:866][ 28]LogParticles: Destroying 0 GPU particle simulations for FXSystem 0x0000002A87548FE0
[2015.06.18-07.53.20:013][818]LogActorComponent: UnregisterComponent: (/Engine/Transient.ProjectileMovementComponent_40__A6522401) Not registered. Aborting.
[2015.06.18-07.53.20:013][818]LogActorComponent: UnregisterComponent: (/Engine/Transient.CharMoveComp) Not registered. Aborting.
[2015.06.18-07.53.21:571][889]BlueprintLog: New page: Compile FirstPersonCharacter
[2015.06.18-07.53.21:705][889]LogActorComponent: UnregisterComponent: (/Engine/Transient.CharacterMovementComponent_2) Not registered. Aborting.
[2015.06.18-07.53.21:743][889]LogParticles: Destroying 0 GPU particle simulations for FXSystem 0x0000002AB9AAAFC0
[2015.06.18-07.53.21:774][889]BlueprintEditorCompileResults: Info [0288.48] Compile of FirstPersonCharacter successful! [in 202 ms]
[2015.06.18-07.53.24:358][ 25]LogPlayLevel: PIE:  No blueprints needed recompiling
[2015.06.18-07.53.24:358][ 25]PIE: New page: PIE session: mp_shipment (Jun 17, 2015, 9:53:24 PM)
[2015.06.18-07.53.24:358][ 25]LogPlayLevel: Creating play world package: /Game/UEDPIE_0_mp_shipment
[2015.06.18-07.53.24:393][ 25]LogPlayLevel: PIE: StaticDuplicateObject took: (0.033830s)
[2015.06.18-07.53.24:394][ 25]LogAIModule: Creating AISystem for world mp_shipment
[2015.06.18-07.53.24:394][ 25]LogPlayLevel: PIE: World Init took: (0.001259s)
[2015.06.18-07.53.24:395][ 25]LogPlayLevel: PIE: Created PIE world by copying editor world from /Game/mp_shipment.mp_shipment to /Game/UEDPIE_0_mp_shipment.mp_shipment (0.035316s)
[2015.06.18-07.53.24:395][ 25]LogActorComponent: UnregisterComponent: (/Engine/Transient.CharMoveComp) Not registered. Aborting.
[2015.06.18-07.53.24:448][ 25]LogInit: XAudio2 using 'Speakers (C-Media PCI Audio Device)' : 2 channels at 48 kHz using 16 bits per sample (channel mask 0x3)
[2015.06.18-07.53.24:451][ 25]LogInit: FAudioDevice initialized.
[2015.06.18-07.53.24:494][ 25]LogWorld: Game class is 'FirstPersonGameMode_C'
[2015.06.18-07.53.24:505][ 25]LogWorld: Bringing World /Game/UEDPIE_0_mp_shipment.mp_shipment up for play (max tick rate 0) at 2015.06.18-02.53.24
[2015.06.18-07.53.24:505][ 25]LogActor:Warning: GameSession /Game/UEDPIE_0_mp_shipment.mp_shipment:PersistentLevel.GameSession_3 has natively added scene component(s), but none of them were set as the actor's RootComponent - picking one arbitrarily
[2015.06.18-07.53.24:505][ 25]LogActor:Warning: GameNetworkManager /Game/UEDPIE_0_mp_shipment.mp_shipment:PersistentLevel.GameNetworkManager_3 has natively added scene component(s), but none of them were set as the actor's RootComponent - picking one arbitrarily
[2015.06.18-07.53.24:508][ 25]LogWorld: Bringing up level for play took: 0.011313
[2015.06.18-07.53.24:512][ 25]PIE: Info Play in editor start time for /Game/UEDPIE_0_mp_shipment 1.034
[2015.06.18-07.55.10:929][600]LogParticles: Destroying 0 GPU particle simulations for FXSystem 0x0000002AB9AAA0C0
[2015.06.18-07.55.58:408][741]LogActorComponent: UnregisterComponent: (/Engine/Transient.ProjectileMovementComponent_40__A6522401) Not registered. Aborting.
[2015.06.18-07.55.58:408][741]LogActorComponent: UnregisterComponent: (/Engine/Transient.CharMoveComp) Not registered. Aborting.
[2015.06.18-07.56.00:916][879]BlueprintLog: New page: Compile FirstPersonCharacter
[2015.06.18-07.56.01:015][879]LogActorComponent: UnregisterComponent: (/Engine/Transient.CharacterMovementComponent_3) Not registered. Aborting.
[2015.06.18-07.56.01:082][879]BlueprintEditorCompileResults: Info [0447.79] Compile of FirstPersonCharacter successful! [in 165 ms]
[2015.06.18-07.56.04:402][ 68]LogEditorViewport: Clicking on Actor (LMB): BP_Sky_Sphere_C (Sky Sphere)
[2015.06.18-07.56.05:367][136]LogPlayLevel: PIE:  No blueprints needed recompiling
[2015.06.18-07.56.05:367][136]PIE: New page: PIE session: mp_shipment (Jun 17, 2015, 9:56:05 PM)
[2015.06.18-07.56.05:367][136]LogPlayLevel: Creating play world package: /Game/UEDPIE_0_mp_shipment
[2015.06.18-07.56.05:400][136]LogPlayLevel: PIE: StaticDuplicateObject took: (0.032985s)
[2015.06.18-07.56.05:401][136]LogAIModule: Creating AISystem for world mp_shipment
[2015.06.18-07.56.05:402][136]LogPlayLevel: PIE: World Init took: (0.001327s)
[2015.06.18-07.56.05:402][136]LogPlayLevel: PIE: Created PIE world by copying editor world from /Game/mp_shipment.mp_shipment to /Game/UEDPIE_0_mp_shipment.mp_shipment (0.034523s)
[2015.06.18-07.56.05:402][136]LogActorComponent: UnregisterComponent: (/Engine/Transient.CharMoveComp) Not registered. Aborting.
[2015.06.18-07.56.05:456][136]LogInit: XAudio2 using 'Speakers (C-Media PCI Audio Device)' : 2 channels at 48 kHz using 16 bits per sample (channel mask 0x3)
[2015.06.18-07.56.05:459][136]LogInit: FAudioDevice initialized.
[2015.06.18-07.56.05:500][136]LogWorld: Game class is 'FirstPersonGameMode_C'
[2015.06.18-07.56.05:509][136]LogWorld: Bringing World /Game/UEDPIE_0_mp_shipment.mp_shipment up for play (max tick rate 0) at 2015.06.18-02.56.05
[2015.06.18-07.56.05:509][136]LogActor:Warning: GameSession /Game/UEDPIE_0_mp_shipment.mp_shipment:PersistentLevel.GameSession_4 has natively added scene component(s), but none of them were set as the actor's RootComponent - picking one arbitrarily
[2015.06.18-07.56.05:510][136]LogActor:Warning: GameNetworkManager /Game/UEDPIE_0_mp_shipment.mp_shipment:PersistentLevel.GameNetworkManager_4 has natively added scene component(s), but none of them were set as the actor's RootComponent - picking one arbitrarily
[2015.06.18-07.56.05:512][136]LogWorld: Bringing up level for play took: 0.011074
[2015.06.18-07.56.05:516][136]PIE: Info Play in editor start time for /Game/UEDPIE_0_mp_shipment 0.039
[2015.06.18-07.57.00:546][432]LogParticles: Destroying 0 GPU particle simulations for FXSystem 0x0000002AB4D304A0
[2015.06.18-07.57.07:268][758]BlueprintLog: New page: Compile FirstPersonCharacter
[2015.06.18-07.57.07:370][758]LogActorComponent: UnregisterComponent: (/Engine/Transient.CharMoveComp) Not registered. Aborting.
[2015.06.18-07.57.07:437][758]BlueprintEditorCompileResults: Info [0514.14] Compile of FirstPersonCharacter successful! [in 168 ms]
[2015.06.18-07.57.09:138][850]LogEditorViewport: Clicking on Actor (LMB): BP_Sky_Sphere_C (Sky Sphere)
[2015.06.18-07.57.09:766][889]LogPlayLevel: PIE:  No blueprints needed recompiling
[2015.06.18-07.57.09:766][889]PIE: New page: PIE session: mp_shipment (Jun 17, 2015, 9:57:09 PM)
[2015.06.18-07.57.09:766][889]LogPlayLevel: Creating play world package: /Game/UEDPIE_0_mp_shipment
[2015.06.18-07.57.09:800][889]LogPlayLevel: PIE: StaticDuplicateObject took: (0.033734s)
[2015.06.18-07.57.09:801][889]LogAIModule: Creating AISystem for world mp_shipment
[2015.06.18-07.57.09:801][889]LogPlayLevel: PIE: World Init took: (0.001368s)
[2015.06.18-07.57.09:802][889]LogPlayLevel: PIE: Created PIE world by copying editor world from /Game/mp_shipment.mp_shipment to /Game/UEDPIE_0_mp_shipment.mp_shipment (0.035324s)
[2015.06.18-07.57.09:802][889]LogActorComponent: UnregisterComponent: (/Engine/Transient.CharMoveComp) Not registered. Aborting.
[2015.06.18-07.57.09:856][889]LogInit: XAudio2 using 'Speakers (C-Media PCI Audio Device)' : 2 channels at 48 kHz using 16 bits per sample (channel mask 0x3)
[2015.06.18-07.57.09:859][889]LogInit: FAudioDevice initialized.
[2015.06.18-07.57.09:902][889]LogWorld: Game class is 'FirstPersonGameMode_C'
[2015.06.18-07.57.09:912][889]LogWorld: Bringing World /Game/UEDPIE_0_mp_shipment.mp_shipment up for play (max tick rate 0) at 2015.06.18-02.57.09
[2015.06.18-07.57.09:912][889]LogActor:Warning: GameSession /Game/UEDPIE_0_mp_shipment.mp_shipment:PersistentLevel.GameSession_5 has natively added scene component(s), but none of them were set as the actor's RootComponent - picking one arbitrarily
[2015.06.18-07.57.09:913][889]LogActor:Warning: GameNetworkManager /Game/UEDPIE_0_mp_shipment.mp_shipment:PersistentLevel.GameNetworkManager_5 has natively added scene component(s), but none of them were set as the actor's RootComponent - picking one arbitrarily
[2015.06.18-07.57.09:916][889]LogWorld: Bringing up level for play took: 0.012413
[2015.06.18-07.57.09:919][889]PIE: Info Play in editor start time for /Game/UEDPIE_0_mp_shipment 0.442
[2015.06.18-07.58.09:805][614]LogParticles: Destroying 0 GPU particle simulations for FXSystem 0x0000002AB4C98D60
[2015.06.18-07.58.16:296][ 88]LogEditorViewport: Clicking on Actor (LMB): BP_Sky_Sphere_C (Sky Sphere)
[2015.06.18-07.58.17:966][212]LogPlayLevel: PIE:  No blueprints needed recompiling
[2015.06.18-07.58.17:966][212]PIE: New page: PIE session: mp_shipment (Jun 17, 2015, 9:58:17 PM)
[2015.06.18-07.58.17:967][212]LogPlayLevel: Creating play world package: /Game/UEDPIE_0_mp_shipment
[2015.06.18-07.58.18:000][212]LogPlayLevel: PIE: StaticDuplicateObject took: (0.033004s)
[2015.06.18-07.58.18:001][212]LogAIModule: Creating AISystem for world mp_shipment
[2015.06.18-07.58.18:001][212]LogPlayLevel: PIE: World Init took: (0.001744s)
[2015.06.18-07.58.18:002][212]LogPlayLevel: PIE: Created PIE world by copying editor world from /Game/mp_shipment.mp_shipment to /Game/UEDPIE_0_mp_shipment.mp_shipment (0.035020s)
[2015.06.18-07.58.18:053][212]LogInit: XAudio2 using 'Speakers (C-Media PCI Audio Device)' : 2 channels at 48 kHz using 16 bits per sample (channel mask 0x3)
[2015.06.18-07.58.18:056][212]LogInit: FAudioDevice initialized.
[2015.06.18-07.58.18:099][212]LogWorld: Game class is 'FirstPersonGameMode_C'
[2015.06.18-07.58.18:109][212]LogWorld: Bringing World /Game/UEDPIE_0_mp_shipment.mp_shipment up for play (max tick rate 0) at 2015.06.18-02.58.18
[2015.06.18-07.58.18:109][212]LogActor:Warning: GameSession /Game/UEDPIE_0_mp_shipment.mp_shipment:PersistentLevel.GameSession_6 has natively added scene component(s), but none of them were set as the actor's RootComponent - picking one arbitrarily
[2015.06.18-07.58.18:109][212]LogActor:Warning: GameNetworkManager /Game/UEDPIE_0_mp_shipment.mp_shipment:PersistentLevel.GameNetworkManager_6 has natively added scene component(s), but none of them were set as the actor's RootComponent - picking one arbitrarily
[2015.06.18-07.58.18:112][212]LogWorld: Bringing up level for play took: 0.011057
[2015.06.18-07.58.18:116][212]PIE: Info Play in editor start time for /Game/UEDPIE_0_mp_shipment 0.638
[2015.06.18-07.58.57:090][733]LogCharacterMovement: FirstPersonCharacter_C_13 is stuck and failed to move!
[2015.06.18-08.00.01:361][127]LogParticles: Destroying 0 GPU particle simulations for FXSystem 0x0000002AB52E9440
[2015.06.18-08.00.13:061][431]LogEditorViewport: Clicking on Actor (context menu): BP_Sky_Sphere_C (Sky Sphere)
[2015.06.18-08.00.14:437][515]LogEditorViewport: Clicking on Actor (context menu): BP_Sky_Sphere_C (Sky Sphere)
[2015.06.18-08.00.17:719][559]LogEditorViewport: Clicking on Actor (LMB): BP_Sky_Sphere_C (Sky Sphere)
[2015.06.18-08.00.21:992][827]Cmd: SELECT NONE
[2015.06.18-08.04.16:861][901]LogEditorViewport: Clicking on Actor (context menu): BP_Sky_Sphere_C (Sky Sphere)
[2015.06.18-08.08.34:036][127]LogActorComponent: UnregisterComponent: (/Engine/Transient.CharMoveComp) Not registered. Aborting.
[2015.06.18-08.08.34:037][127]LogActorComponent: UnregisterComponent: (/Engine/Transient.ProjectileMovementComponent_40__A6522401) Not registered. Aborting.
[2015.06.18-08.08.34:107][127]LogFileHelpers: Editor autosave (incl. sublevels) for '/Game/mp_shipment' took 0.070
[2015.06.18-08.08.34:125][127]OBJ SavePackage: Generating thumbnails for [1] asset(s) in package [/Game/FirstPersonBP/Blueprints/FirstPersonCharacter] ([1] browsable assets)...
[2015.06.18-08.08.34:236][127]OBJ SavePackage:     Rendered thumbnail for [Blueprint /Game/FirstPersonBP/Blueprints/FirstPersonCharacter.FirstPersonCharacter]
[2015.06.18-08.08.34:236][127]OBJ SavePackage: Finished generating thumbnails for package [/Game/FirstPersonBP/Blueprints/FirstPersonCharacter]
[2015.06.18-08.08.34:412][127]LogSavePackage: Save=147.676651ms
[2015.06.18-08.08.34:412][127]LogSavePackage: Moving '../../../../../../Unreal Projects/BiggerMaps/Saved/FirstPersonCharacter_Auto15F545AA643DC5A0D06F59CACA1C092D3.tmp' to '../../../../../../Unreal Projects/BiggerMaps/Saved/Autosaves/Game/FirstPersonBP/Blueprints/FirstPersonCharacter_Auto1.uasset'
[2015.06.18-08.08.34:413][127]LogFileHelpers: Auto-saving content packages took 0.305
[2015.06.18-08.08.45:827][470]LogRenderer: Reallocating scene render targets to support 1264x1104 (Frame:70171).
[2015.06.18-08.08.45:953][471]LogRenderer: Reallocating scene render targets to support 1600x1176 (Frame:70174).
[2015.06.18-08.09.05:302][537]LogPlayLevel: PIE:  No blueprints needed recompiling
[2015.06.18-08.09.05:303][537]PIE: New page: PIE session: mp_shipment (Jun 17, 2015, 10:09:05 PM)
[2015.06.18-08.09.05:303][537]LogPlayLevel: Creating play world package: /Game/UEDPIE_0_mp_shipment
[2015.06.18-08.09.05:350][537]LogPlayLevel: PIE: StaticDuplicateObject took: (0.047412s)
[2015.06.18-08.09.05:351][537]LogAIModule: Creating AISystem for world mp_shipment
[2015.06.18-08.09.05:352][537]LogPlayLevel: PIE: World Init took: (0.001739s)
[2015.06.18-08.09.05:352][537]LogPlayLevel: PIE: Created PIE world by copying editor world from /Game/mp_shipment.mp_shipment to /Game/UEDPIE_0_mp_shipment.mp_shipment (0.049402s)
[2015.06.18-08.09.05:352][537]LogActorComponent: UnregisterComponent: (/Engine/Transient.CharMoveComp) Not registered. Aborting.
[2015.06.18-08.09.05:421][537]LogInit: XAudio2 using 'Speakers (C-Media PCI Audio Device)' : 2 channels at 48 kHz using 16 bits per sample (channel mask 0x3)
[2015.06.18-08.09.05:425][537]LogInit: FAudioDevice initialized.
[2015.06.18-08.09.05:471][537]LogWorld: Game class is 'FirstPersonGameMode_C'
[2015.06.18-08.09.05:485][537]LogWorld: Bringing World /Game/UEDPIE_0_mp_shipment.mp_shipment up for play (max tick rate 0) at 2015.06.18-03.09.05
[2015.06.18-08.09.05:485][537]LogActor:Warning: GameSession /Game/UEDPIE_0_mp_shipment.mp_shipment:PersistentLevel.GameSession_7 has natively added scene component(s), but none of them were set as the actor's RootComponent - picking one arbitrarily
[2015.06.18-08.09.05:486][537]LogActor:Warning: GameNetworkManager /Game/UEDPIE_0_mp_shipment.mp_shipment:PersistentLevel.GameNetworkManager_7 has natively added scene component(s), but none of them were set as the actor's RootComponent - picking one arbitrarily
[2015.06.18-08.09.05:489][537]LogWorld: Bringing up level for play took: 0.015644
[2015.06.18-08.09.05:495][537]PIE: Info Play in editor start time for /Game/UEDPIE_0_mp_shipment 0.018
[2015.06.18-08.09.07:031][650]Cmd: LevelEditor.ToggleImmersive
[2015.06.18-08.11.23:346][  8]LogParticles: Destroying 0 GPU particle simulations for FXSystem 0x0000002AB3A3AAC0
[2015.06.18-08.11.45:094][200]LogPlayLevel: PIE:  No blueprints needed recompiling
[2015.06.18-08.11.45:094][200]PIE: New page: PIE session: mp_shipment (Jun 17, 2015, 10:11:45 PM)
[2015.06.18-08.11.45:094][200]LogPlayLevel: Creating play world package: /Game/UEDPIE_0_mp_shipment
[2015.06.18-08.11.45:138][200]LogPlayLevel: PIE: StaticDuplicateObject took: (0.044088s)
[2015.06.18-08.11.45:141][200]LogAIModule: Creating AISystem for world mp_shipment
[2015.06.18-08.11.45:142][200]LogPlayLevel: PIE: World Init took: (0.003232s)
[2015.06.18-08.11.45:142][200]LogPlayLevel: PIE: Created PIE world by copying editor world from /Game/mp_shipment.mp_shipment to /Game/UEDPIE_0_mp_shipment.mp_shipment (0.047685s)
[2015.06.18-08.11.45:204][200]LogInit: XAudio2 using 'Speakers (C-Media PCI Audio Device)' : 2 channels at 48 kHz using 16 bits per sample (channel mask 0x3)
[2015.06.18-08.11.45:210][200]LogInit: FAudioDevice initialized.
[2015.06.18-08.11.45:252][200]LogWorld: Game class is 'FirstPersonGameMode_C'
[2015.06.18-08.11.45:266][200]LogWorld: Bringing World /Game/UEDPIE_0_mp_shipment.mp_shipment up for play (max tick rate 0) at 2015.06.18-03.11.45
[2015.06.18-08.11.45:266][200]LogActor:Warning: GameSession /Game/UEDPIE_0_mp_shipment.mp_shipment:PersistentLevel.GameSession_8 has natively added scene component(s), but none of them were set as the actor's RootComponent - picking one arbitrarily
[2015.06.18-08.11.45:267][200]LogActor:Warning: GameNetworkManager /Game/UEDPIE_0_mp_shipment.mp_shipment:PersistentLevel.GameNetworkManager_8 has natively added scene component(s), but none of them were set as the actor's RootComponent - picking one arbitrarily
[2015.06.18-08.11.45:271][200]LogWorld: Bringing up level for play took: 0.017449
[2015.06.18-08.11.45:279][200]PIE: Info Play in editor start time for /Game/UEDPIE_0_mp_shipment -0.199
[2015.06.18-08.11.46:230][274]Cmd: LevelEditor.ToggleImmersive
[2015.06.18-08.13.28:132][460]LogParticles: Destroying 0 GPU particle simulations for FXSystem 0x0000002A85149C60
[2015.06.18-08.13.31:382][644]LogPlayLevel: PIE:  No blueprints needed recompiling
[2015.06.18-08.13.31:382][644]PIE: New page: PIE session: mp_shipment (Jun 17, 2015, 10:13:31 PM)
[2015.06.18-08.13.31:382][644]LogPlayLevel: Creating play world package: /Game/UEDPIE_0_mp_shipment
[2015.06.18-08.13.31:431][644]LogPlayLevel: PIE: StaticDuplicateObject took: (0.048332s)
[2015.06.18-08.13.31:432][644]LogAIModule: Creating AISystem for world mp_shipment
[2015.06.18-08.13.31:432][644]LogPlayLevel: PIE: World Init took: (0.001633s)
[2015.06.18-08.13.31:433][644]LogPlayLevel: PIE: Created PIE world by copying editor world from /Game/mp_shipment.mp_shipment to /Game/UEDPIE_0_mp_shipment.mp_shipment (0.050281s)
[2015.06.18-08.13.31:498][644]LogInit: XAudio2 using 'Speakers (C-Media PCI Audio Device)' : 2 channels at 48 kHz using 16 bits per sample (channel mask 0x3)
[2015.06.18-08.13.31:502][644]LogInit: FAudioDevice initialized.
[2015.06.18-08.13.31:549][644]LogWorld: Game class is 'FirstPersonGameMode_C'
[2015.06.18-08.13.31:562][644]LogWorld: Bringing World /Game/UEDPIE_0_mp_shipment.mp_shipment up for play (max tick rate 0) at 2015.06.18-03.13.31
[2015.06.18-08.13.31:562][644]LogActor:Warning: GameSession /Game/UEDPIE_0_mp_shipment.mp_shipment:PersistentLevel.GameSession_9 has natively added scene component(s), but none of them were set as the actor's RootComponent - picking one arbitrarily
[2015.06.18-08.13.31:562][644]LogActor:Warning: GameNetworkManager /Game/UEDPIE_0_mp_shipment.mp_shipment:PersistentLevel.GameNetworkManager_9 has natively added scene component(s), but none of them were set as the actor's RootComponent - picking one arbitrarily
[2015.06.18-08.13.31:567][644]LogWorld: Bringing up level for play took: 0.015949
[2015.06.18-08.13.31:572][644]PIE: Info Play in editor start time for /Game/UEDPIE_0_mp_shipment 0.095
[2015.06.18-08.14.21:416][719]LogParticles: Destroying 0 GPU particle simulations for FXSystem 0x0000002AB76CA5C0
[2015.06.18-08.14.28:260][917]LogEditorViewport: Clicking on Actor (context menu): BP_Sky_Sphere_C (Sky Sphere)
[2015.06.18-08.19.36:588][642]LogPlayLevel: PIE:  No blueprints needed recompiling
[2015.06.18-08.19.36:588][642]PIE: New page: PIE session: mp_shipment (Jun 17, 2015, 10:19:36 PM)
[2015.06.18-08.19.36:588][642]LogPlayLevel: Creating play world package: /Game/UEDPIE_0_mp_shipment
[2015.06.18-08.19.36:624][642]LogPlayLevel: PIE: StaticDuplicateObject took: (0.035438s)
[2015.06.18-08.19.36:625][642]LogAIModule: Creating AISystem for world mp_shipment
[2015.06.18-08.19.36:625][642]LogPlayLevel: PIE: World Init took: (0.001692s)
[2015.06.18-08.19.36:626][642]LogPlayLevel: PIE: Created PIE world by copying editor world from /Game/mp_shipment.mp_shipment to /Game/UEDPIE_0_mp_shipment.mp_shipment (0.037419s)
[2015.06.18-08.19.36:626][642]LogActorComponent: UnregisterComponent: (/Engine/Transient.CharMoveComp) Not registered. Aborting.
[2015.06.18-08.19.36:684][642]LogInit: XAudio2 using 'Speakers (C-Media PCI Audio Device)' : 2 channels at 48 kHz using 16 bits per sample (channel mask 0x3)
[2015.06.18-08.19.36:687][642]LogInit: FAudioDevice initialized.
[2015.06.18-08.19.36:724][642]LogWorld: Game class is 'FirstPersonGameMode_C'
[2015.06.18-08.19.36:735][642]LogWorld: Bringing World /Game/UEDPIE_0_mp_shipment.mp_shipment up for play (max tick rate 0) at 2015.06.18-03.19.36
[2015.06.18-08.19.36:735][642]LogActor:Warning: GameSession /Game/UEDPIE_0_mp_shipment.mp_shipment:PersistentLevel.GameSession_10 has natively added scene component(s), but none of them were set as the actor's RootComponent - picking one arbitrarily
[2015.06.18-08.19.36:735][642]LogActor:Warning: GameNetworkManager /Game/UEDPIE_0_mp_shipment.mp_shipment:PersistentLevel.GameNetworkManager_10 has natively added scene component(s), but none of them were set as the actor's RootComponent - picking one arbitrarily
[2015.06.18-08.19.36:738][642]LogWorld: Bringing up level for play took: 0.011725
[2015.06.18-08.19.36:742][642]PIE: Info Play in editor start time for /Game/UEDPIE_0_mp_shipment -0.736
[2015.06.18-08.19.49:325][920]LogParticles: Destroying 0 GPU particle simulations for FXSystem 0x0000002AB5D87380
[2015.06.18-08.20.05:326][550]LogActorComponent: UnregisterComponent: (/Engine/Transient.ProjectileMovementComponent_40__A6522401) Not registered. Aborting.
[2015.06.18-08.20.05:326][550]LogActorComponent: UnregisterComponent: (/Engine/Transient.CharMoveComp) Not registered. Aborting.
[2015.06.18-08.20.05:408][553]BlueprintLog: New page: Compile FirstPersonCharacter
[2015.06.18-08.20.05:539][553]LogActorComponent: UnregisterComponent: (/Engine/Transient.CharacterMovementComponent_4) Not registered. Aborting.
[2015.06.18-08.20.05:607][553]BlueprintEditorCompileResults: Info [1892.31] Compile of FirstPersonCharacter successful! [in 197 ms]
[2015.06.18-08.20.06:768][597]LogEditorViewport: Clicking on Actor (LMB): BP_Sky_Sphere_C (Sky Sphere)
[2015.06.18-08.21.03:069][926]LogPlayLevel: PIE:  No blueprints needed recompiling
[2015.06.18-08.21.03:069][926]PIE: New page: PIE session: mp_shipment (Jun 17, 2015, 10:21:03 PM)
[2015.06.18-08.21.03:070][926]LogPlayLevel: Creating play world package: /Game/UEDPIE_0_mp_shipment
[2015.06.18-08.21.03:107][926]LogPlayLevel: PIE: StaticDuplicateObject took: (0.036268s)
[2015.06.18-08.21.03:108][926]LogAIModule: Creating AISystem for world mp_shipment
[2015.06.18-08.21.03:108][926]LogPlayLevel: PIE: World Init took: (0.001385s)
[2015.06.18-08.21.03:108][926]LogPlayLevel: PIE: Created PIE world by copying editor world from /Game/mp_shipment.mp_shipment to /Game/UEDPIE_0_mp_shipment.mp_shipment (0.037891s)
[2015.06.18-08.21.03:108][926]LogActorComponent: UnregisterComponent: (/Engine/Transient.CharMoveComp) Not registered. Aborting.
[2015.06.18-08.21.03:166][926]LogInit: XAudio2 using 'Speakers (C-Media PCI Audio Device)' : 2 channels at 48 kHz using 16 bits per sample (channel mask 0x3)
[2015.06.18-08.21.03:169][926]LogInit: FAudioDevice initialized.
[2015.06.18-08.21.03:209][926]LogWorld: Game class is 'FirstPersonGameMode_C'
[2015.06.18-08.21.03:221][926]LogWorld: Bringing World /Game/UEDPIE_0_mp_shipment.mp_shipment up for play (max tick rate 0) at 2015.06.18-03.21.03
[2015.06.18-08.21.03:221][926]LogActor:Warning: GameSession /Game/UEDPIE_0_mp_shipment.mp_shipment:PersistentLevel.GameSession_11 has natively added scene component(s), but none of them were set as the actor's RootComponent - picking one arbitrarily
[2015.06.18-08.21.03:221][926]LogActor:Warning: GameNetworkManager /Game/UEDPIE_0_mp_shipment.mp_shipment:PersistentLevel.GameNetworkManager_11 has natively added scene component(s), but none of them were set as the actor's RootComponent - picking one arbitrarily
[2015.06.18-08.21.03:224][926]LogWorld: Bringing up level for play took: 0.013078
[2015.06.18-08.21.03:228][926]PIE: Info Play in editor start time for /Game/UEDPIE_0_mp_shipment -0.25
[2015.06.18-08.24.07:939][554]LogParticles: Destroying 0 GPU particle simulations for FXSystem 0x0000002AB389A7A0
[2015.06.18-08.31.30:928][326]LogPlayLevel: PIE:  No blueprints needed recompiling
[2015.06.18-08.31.30:928][326]PIE: New page: PIE session: mp_shipment (Jun 17, 2015, 10:31:30 PM)
[2015.06.18-08.31.30:929][326]LogPlayLevel: Creating play world package: /Game/UEDPIE_0_mp_shipment
[2015.06.18-08.31.30:963][326]LogPlayLevel: PIE: StaticDuplicateObject took: (0.034760s)
[2015.06.18-08.31.30:964][326]LogAIModule: Creating AISystem for world mp_shipment
[2015.06.18-08.31.30:965][326]LogPlayLevel: PIE: World Init took: (0.001490s)
[2015.06.18-08.31.30:965][326]LogPlayLevel: PIE: Created PIE world by copying editor world from /Game/mp_shipment.mp_shipment to /Game/UEDPIE_0_mp_shipment.mp_shipment (0.036511s)
[2015.06.18-08.31.30:965][326]LogActorComponent: UnregisterComponent: (/Engine/Transient.ProjectileMovementComponent_40__A6522401) Not registered. Aborting.
[2015.06.18-08.31.30:965][326]LogActorComponent: UnregisterComponent: (/Engine/Transient.CharMoveComp) Not registered. Aborting.
[2015.06.18-08.31.31:022][326]LogInit: XAudio2 using 'Speakers (C-Media PCI Audio Device)' : 2 channels at 48 kHz using 16 bits per sample (channel mask 0x3)
[2015.06.18-08.31.31:026][326]LogInit: FAudioDevice initialized.
[2015.06.18-08.31.31:060][326]LogWorld: Game class is 'FirstPersonGameMode_C'
[2015.06.18-08.31.31:071][326]LogWorld: Bringing World /Game/UEDPIE_0_mp_shipment.mp_shipment up for play (max tick rate 0) at 2015.06.18-03.31.31
[2015.06.18-08.31.31:071][326]LogActor:Warning: GameSession /Game/UEDPIE_0_mp_shipment.mp_shipment:PersistentLevel.GameSession_12 has natively added scene component(s), but none of them were set as the actor's RootComponent - picking one arbitrarily
[2015.06.18-08.31.31:071][326]LogActor:Warning: GameNetworkManager /Game/UEDPIE_0_mp_shipment.mp_shipment:PersistentLevel.GameNetworkManager_12 has natively added scene component(s), but none of them were set as the actor's RootComponent - picking one arbitrarily
[2015.06.18-08.31.31:074][326]LogWorld: Bringing up level for play took: 0.011368
[2015.06.18-08.31.31:078][326]PIE: Info Play in editor start time for /Game/UEDPIE_0_mp_shipment -0.399
[2015.06.18-08.31.32:854][492]LogParticles: Destroying 0 GPU particle simulations for FXSystem 0x0000002AB39B2480
[2015.06.18-08.31.57:517][212]LogPlayLevel: PIE:  No blueprints needed recompiling
[2015.06.18-08.31.57:518][212]PIE: New page: PIE session: mp_shipment (Jun 17, 2015, 10:31:57 PM)
[2015.06.18-08.31.57:518][212]LogPlayLevel: Creating play world package: /Game/UEDPIE_0_mp_shipment
[2015.06.18-08.31.57:552][212]LogPlayLevel: PIE: StaticDuplicateObject took: (0.033567s)
[2015.06.18-08.31.57:552][212]LogAIModule: Creating AISystem for world mp_shipment
[2015.06.18-08.31.57:553][212]LogPlayLevel: PIE: World Init took: (0.001452s)
[2015.06.18-08.31.57:553][212]LogPlayLevel: PIE: Created PIE world by copying editor world from /Game/mp_shipment.mp_shipment to /Game/UEDPIE_0_mp_shipment.mp_shipment (0.035263s)
[2015.06.18-08.31.57:553][212]LogActorComponent: UnregisterComponent: (/Engine/Transient.ProjectileMovementComponent_40__A6522401) Not registered. Aborting.
[2015.06.18-08.31.57:553][212]LogActorComponent: UnregisterComponent: (/Engine/Transient.CharMoveComp) Not registered. Aborting.
[2015.06.18-08.31.57:609][212]LogInit: XAudio2 using 'Speakers (C-Media PCI Audio Device)' : 2 channels at 48 kHz using 16 bits per sample (channel mask 0x3)
[2015.06.18-08.31.57:612][212]LogInit: FAudioDevice initialized.
[2015.06.18-08.31.57:654][212]LogWorld: Game class is 'FirstPersonGameMode_C'
[2015.06.18-08.31.57:664][212]LogWorld: Bringing World /Game/UEDPIE_0_mp_shipment.mp_shipment up for play (max tick rate 0) at 2015.06.18-03.31.57
[2015.06.18-08.31.57:664][212]LogActor:Warning: GameSession /Game/UEDPIE_0_mp_shipment.mp_shipment:PersistentLevel.GameSession_13 has natively added scene component(s), but none of them were set as the actor's RootComponent - picking one arbitrarily
[2015.06.18-08.31.57:664][212]LogActor:Warning: GameNetworkManager /Game/UEDPIE_0_mp_shipment.mp_shipment:PersistentLevel.GameNetworkManager_13 has natively added scene component(s), but none of them were set as the actor's RootComponent - picking one arbitrarily
[2015.06.18-08.31.57:667][212]LogWorld: Bringing up level for play took: 0.011921
[2015.06.18-08.31.57:671][212]PIE: Info Play in editor start time for /Game/UEDPIE_0_mp_shipment 0.193
[2015.06.18-08.47.57:529][951]LogParticles: Destroying 0 GPU particle simulations for FXSystem 0x0000002AB3A3BEC0
[2015.06.18-08.48.22:728][937]Cmd: OBJ SAVEPACKAGE PACKAGE="/Game/mp_shipment" FILE="../../../../../../Unreal Projects/BiggerMaps/Saved/Autosaves/Game/mp_shipment_Auto2.umap" SILENT=true AUTOSAVING=true KEEPDIRTY=false
[2015.06.18-08.48.22:877][937]LogSavePackage: Save=140.922607ms
[2015.06.18-08.48.22:878][937]LogSavePackage: Moving '../../../../../../Unreal Projects/BiggerMaps/Saved/mp_shipment_Auto2B422391C4D9D8451E890DB82E9319C33.tmp' to '../../../../../../Unreal Projects/BiggerMaps/Saved/Autosaves/Game/mp_shipment_Auto2.umap'
[2015.06.18-08.48.22:883][937]LogFileHelpers: Editor autosave (incl. sublevels) for '/Game/mp_shipment' took 0.208
[2015.06.18-08.48.22:883][937]LogFileHelpers: Editor autosave (incl. sublevels) for all levels took 0.208
[2015.06.18-08.48.22:888][937]OBJ SavePackage: Generating thumbnails for [1] asset(s) in package [/Game/FirstPersonBP/Blueprints/FirstPersonCharacter] ([1] browsable assets)...
[2015.06.18-08.48.22:943][937]OBJ SavePackage:     Rendered thumbnail for [Blueprint /Game/FirstPersonBP/Blueprints/FirstPersonCharacter.FirstPersonCharacter]
[2015.06.18-08.48.22:943][937]OBJ SavePackage: Finished generating thumbnails for package [/Game/FirstPersonBP/Blueprints/FirstPersonCharacter]
[2015.06.18-08.48.23:055][937]LogSavePackage: Save=105.677933ms
[2015.06.18-08.48.23:056][937]LogSavePackage: Moving '../../../../../../Unreal Projects/BiggerMaps/Saved/FirstPersonCharacter_Auto28B2F9B634E02A9DDA83975875DDF5966.tmp' to '../../../../../../Unreal Projects/BiggerMaps/Saved/Autosaves/Game/FirstPersonBP/Blueprints/FirstPersonCharacter_Auto2.uasset'
[2015.06.18-08.48.23:056][937]LogFileHelpers: Auto-saving content packages took 0.171
[2015.06.18-09.28.02:576][270]LogActorComponent: UnregisterComponent: (/Engine/Transient.CharMoveComp) Not registered. Aborting.
[2015.06.18-09.28.02:747][270]Cmd: OBJ SAVEPACKAGE PACKAGE="/Game/mp_shipment" FILE="../../../../../../Unreal Projects/BiggerMaps/Content/mp_shipment.umap" SILENT=true AUTOSAVING=false KEEPDIRTY=false
[2015.06.18-09.28.02:969][270]LogSavePackage: Save=163.923737ms
[2015.06.18-09.28.02:969][270]LogSavePackage: Moving '../../../../../../Unreal Projects/BiggerMaps/Saved/mp_shipmentE5EC1BDD4418172E9FEDB3A521377D4C.tmp' to '../../../../../../Unreal Projects/BiggerMaps/Content/mp_shipment.umap'
[2015.06.18-09.28.03:003][270]LogFileHelpers: Saving map 'mp_shipment' took 0.328
[2015.06.18-09.28.03:147][270]LogSavePackage: Save=130.095078ms
[2015.06.18-09.28.03:147][270]LogSavePackage: Moving '../../../../../../Unreal Projects/BiggerMaps/Saved/FirstPersonCharacterD675D1EF45AD948915575CBBEE4384AD.tmp' to '../../../../../../Unreal Projects/BiggerMaps/Content/FirstPersonBP/Blueprints/FirstPersonCharacter.uasset'
[2015.06.18-09.28.04:792][383]LogParticles: Destroying 0 GPU particle simulations for FXSystem 0x0000002AFBC984A0
[2015.06.18-09.28.04:794][383]LogParticles: Destroying 0 GPU particle simulations for FXSystem 0x0000002AB6B28FE0
[2015.06.18-09.28.04:795][383]LogParticles: Destroying 0 GPU particle simulations for FXSystem 0x0000002A87D349A0
[2015.06.18-09.28.04:796][383]LogParticles: Destroying 0 GPU particle simulations for FXSystem 0x0000002AB9816DE0
[2015.06.18-09.28.04:796][383]LogParticles: Destroying 0 GPU particle simulations for FXSystem 0x0000002A85149760
[2015.06.18-09.28.05:255][384]Cmd: QUIT_EDITOR
[2015.06.18-09.28.05:717][384]LogWindowsTextInputMethodSystem:Display: IME system now deactivated.
[2015.06.18-09.28.05:910][384]LogExit: Preparing to exit.
[2015.06.18-09.28.06:434][384]LogExit: Editor shut down
[2015.06.18-09.28.06:434][384]LogExit: Transaction tracking system shut down
[2015.06.18-09.28.06:442][384]LogParticles: Destroying 0 GPU particle simulations for FXSystem 0x0000002AAD3339C0
[2015.06.18-09.28.06:442][384]LogParticles: Destroying 0 GPU particle simulations for FXSystem 0x0000002AFBCF39C0
[2015.06.18-09.28.06:442][384]LogParticles: Destroying 0 GPU particle simulations for FXSystem 0x0000002AFF332AC0
[2015.06.18-09.28.06:443][384]LogParticles: Destroying 0 GPU particle simulations for FXSystem 0x0000002AFF331F80
[2015.06.18-09.28.06:443][384]LogParticles: Destroying 0 GPU particle simulations for FXSystem 0x0000002AFE1FE980
[2015.06.18-09.28.06:709][384]LogExit: Object subsystem successfully closed.
[2015.06.18-09.28.06:894][384]LogModuleManager: Shutting down and abandoning module CrashTracker (190)
[2015.06.18-09.28.06:894][384]LogModuleManager: Shutting down and abandoning module SceneOutliner (189)
[2015.06.18-09.28.06:894][384]LogModuleManager: Shutting down and abandoning module SuperSearch (188)
[2015.06.18-09.28.06:894][384]LogModuleManager: Shutting down and abandoning module WidgetCarousel (187)
[2015.06.18-09.28.06:894][384]LogModuleManager: Shutting down and abandoning module AddContentDialog (186)
[2015.06.18-09.28.06:898][384]LogModuleManager: Shutting down and abandoning module EditorWidgets (185)
[2015.06.18-09.28.06:898][384]LogModuleManager: Shutting down and abandoning module CollectionManager (184)
[2015.06.18-09.28.06:898][384]LogModuleManager: Shutting down and abandoning module StatsViewer (183)
[2015.06.18-09.28.06:898][384]LogModuleManager: Shutting down and abandoning module FoliageEdit (182)
[2015.06.18-09.28.06:898][384]LogModuleManager: Shutting down and abandoning module LandscapeEditor (181)
[2015.06.18-09.28.06:899][384]LogModuleManager: Shutting down and abandoning module ActorPickerMode (180)
[2015.06.18-09.28.06:899][384]LogModuleManager: Shutting down and abandoning module GeometryMode (179)
[2015.06.18-09.28.06:899][384]LogModuleManager: Shutting down and abandoning module TextureAlignMode (178)
[2015.06.18-09.28.06:899][384]LogModuleManager: Shutting down and abandoning module BspMode (177)
[2015.06.18-09.28.06:899][384]LogModuleManager: Shutting down and abandoning module PlacementMode (176)
[2015.06.18-09.28.06:899][384]LogModuleManager: Shutting down and abandoning module AutomationWorker (175)
[2015.06.18-09.28.06:899][384]LogModuleManager: Shutting down and abandoning module CharacterAI (174)
[2015.06.18-09.28.06:899][384]LogModuleManager: Shutting down and abandoning module SmartSnapping (173)
[2015.06.18-09.28.06:899][384]LogModuleManager: Shutting down and abandoning module ViewportSnapping (172)
[2015.06.18-09.28.06:899][384]LogModuleManager: Shutting down and abandoning module LogVisualizer (171)
[2015.06.18-09.28.06:899][384]LogModuleManager: Shutting down and abandoning module GameProjectGeneration (170)
[2015.06.18-09.28.06:899][384]LogModuleManager: Shutting down and abandoning module IntroTutorials (169)
[2015.06.18-09.28.06:899][384]LogModuleManager: Shutting down and abandoning module EditorLiveStreaming (168)
[2015.06.18-09.28.06:899][384]LogModuleManager: Shutting down and abandoning module IOSPlatformEditor (167)
[2015.06.18-09.28.06:899][384]LogModuleManager: Shutting down and abandoning module HTML5PlatformEditor (166)
[2015.06.18-09.28.06:900][384]LogModuleManager: Shutting down and abandoning module AndroidDeviceDetection (165)
[2015.06.18-09.28.07:486][384]LogModuleManager: Shutting down and abandoning module AndroidPlatformEditor (164)
[2015.06.18-09.28.07:486][384]LogModuleManager: Shutting down and abandoning module IOSRuntimeSettings (163)
[2015.06.18-09.28.07:486][384]LogModuleManager: Shutting down and abandoning module AndroidRuntimeSettings (162)
[2015.06.18-09.28.07:486][384]LogModuleManager: Shutting down and abandoning module MergeActors (161)
[2015.06.18-09.28.07:486][384]LogModuleManager: Shutting down and abandoning module SizeMap (160)
[2015.06.18-09.28.07:486][384]LogModuleManager: Shutting down and abandoning module TreeMap (159)
[2015.06.18-09.28.07:486][384]LogModuleManager: Shutting down and abandoning module ReferenceViewer (158)
[2015.06.18-09.28.07:486][384]LogModuleManager: Shutting down and abandoning module LocalizationDashboard (157)
[2015.06.18-09.28.07:486][384]LogModuleManager: Shutting down and abandoning module HardwareTargeting (156)
[2015.06.18-09.28.07:486][384]LogModuleManager: Shutting down and abandoning module DeviceProfileEditor (155)
[2015.06.18-09.28.07:486][384]LogModuleManager: Shutting down and abandoning module UndoHistory (154)
[2015.06.18-09.28.07:486][384]LogModuleManager: Shutting down and abandoning module GameplayTagsEditor (153)
[2015.06.18-09.28.07:486][384]LogModuleManager: Shutting down and abandoning module UserFeedback (152)
[2015.06.18-09.28.07:486][384]LogModuleManager: Shutting down and abandoning module XmlParser (151)
[2015.06.18-09.28.07:486][384]LogModuleManager: Shutting down and abandoning module Blutility (150)
[2015.06.18-09.28.07:486][384]LogModuleManager: Shutting down and abandoning module ProjectTargetPlatformEditor (149)
[2015.06.18-09.28.07:486][384]LogModuleManager: Shutting down and abandoning module ProjectSettingsViewer (148)
[2015.06.18-09.28.07:486][384]LogModuleManager: Shutting down and abandoning module InputBindingEditor (147)
[2015.06.18-09.28.07:486][384]LogModuleManager: Shutting down and abandoning module EditorSettingsViewer (146)
[2015.06.18-09.28.07:486][384]LogModuleManager: Shutting down and abandoning module SettingsEditor (145)
[2015.06.18-09.28.07:486][384]LogModuleManager: Shutting down and abandoning module ProjectLauncher (144)
[2015.06.18-09.28.07:486][384]LogModuleManager: Shutting down and abandoning module SessionFrontend (143)
[2015.06.18-09.28.07:486][384]LogModuleManager: Shutting down and abandoning module ProfilerClient (142)
[2015.06.18-09.28.07:486][384]LogModuleManager: Shutting down and abandoning module TargetDeviceServices (141)
[2015.06.18-09.28.07:486][384]LogModuleManager: Shutting down and abandoning module DeviceManager (140)
[2015.06.18-09.28.07:487][384]LogModuleManager: Shutting down and abandoning module AutomationController (139)
[2015.06.18-09.28.07:487][384]LogModuleManager: Shutting down and abandoning module AutomationWindow (138)
[2015.06.18-09.28.07:487][384]LogModuleManager: Shutting down and abandoning module Layers (137)
[2015.06.18-09.28.07:487][384]LogModuleManager: Shutting down and abandoning module ComponentVisualizers (136)
[2015.06.18-09.28.07:487][384]LogModuleManager: Shutting down and abandoning module DetailCustomizations (135)
[2015.06.18-09.28.07:487][384]LogModuleManager: Shutting down and abandoning module PackagesDialog (134)
[2015.06.18-09.28.07:487][384]LogModuleManager: Shutting down and abandoning module Persona (133)
[2015.06.18-09.28.07:488][384]LogModuleManager: Shutting down and abandoning module Kismet (132)
[2015.06.18-09.28.07:488][384]LogModuleManager: Shutting down and abandoning module GraphEditor (131)
[2015.06.18-09.28.07:488][384]LogModuleManager: Shutting down and abandoning module ClassViewer (130)
[2015.06.18-09.28.07:488][384]LogModuleManager: Shutting down and abandoning module Toolbox (129)
[2015.06.18-09.28.07:488][384]LogModuleManager: Shutting down and abandoning module ModuleUI (128)
[2015.06.18-09.28.07:488][384]LogModuleManager: Shutting down and abandoning module MovieSceneTools (127)
[2015.06.18-09.28.07:488][384]LogModuleManager: Shutting down and abandoning module OutputLog (126)
[2015.06.18-09.28.07:488][384]LogModuleManager: Shutting down and abandoning module GammaUI (125)
[2015.06.18-09.28.07:488][384]LogModuleManager: Shutting down and abandoning module Documentation (124)
[2015.06.18-09.28.07:488][384]LogModuleManager: Shutting down and abandoning module GameLiveStreaming (123)
[2015.06.18-09.28.07:488][384]LogModuleManager: Shutting down and abandoning module StreamingPauseRendering (122)
[2015.06.18-09.28.07:488][384]LogModuleManager: Shutting down and abandoning module AnalyticsET (121)
[2015.06.18-09.28.07:488][384]LogModuleManager: Shutting down and abandoning module Analytics (120)
[2015.06.18-09.28.07:488][384]LogModuleManager: Shutting down and abandoning module AITestSuite (119)
[2015.06.18-09.28.07:488][384]LogModuleManager: Shutting down and abandoning module GameplayDebugger (118)
[2015.06.18-09.28.07:488][384]LogModuleManager: Shutting down and abandoning module AIModule (117)
[2015.06.18-09.28.07:488][384]LogModuleManager: Shutting down and abandoning module ProfilerService (116)
[2015.06.18-09.28.07:672][384]LogModuleManager: Shutting down and abandoning module TaskGraph (115)
[2015.06.18-09.28.07:672][384]LogModuleManager: Shutting down and abandoning module SubstanceEditor (114)
[2015.06.18-09.28.07:672][384]LogModuleManager: Shutting down and abandoning module SlateRemote (113)
[2015.06.18-09.28.07:672][384]LogModuleManager: Shutting down and abandoning module SteamVRController (112)
[2015.06.18-09.28.07:672][384]LogModuleManager: Shutting down and abandoning module SteamVR (111)
[2015.06.18-09.28.07:672][384]LogModuleManager: Shutting down and abandoning module ProceduralMeshComponent (110)
[2015.06.18-09.28.07:672][384]LogModuleManager: Shutting down and abandoning module OculusRift (109)
[2015.06.18-09.28.07:672][384]LogModuleManager: Shutting down and abandoning module LeapMotionController (108)
[2015.06.18-09.28.07:686][384]LogModuleManager: Shutting down and abandoning module CustomMeshComponent (107)
[2015.06.18-09.28.07:686][384]LogModuleManager: Shutting down and abandoning module CableComponent (106)
[2015.06.18-09.28.07:686][384]LogModuleManager: Shutting down and abandoning module MessagingDebugger (105)
[2015.06.18-09.28.07:686][384]LogModuleManager: Shutting down and abandoning module MediaPlayerEditor (104)
[2015.06.18-09.28.07:686][384]LogModuleManager: Shutting down and abandoning module SpeedTreeImporter (103)
[2015.06.18-09.28.07:686][384]LogModuleManager: Shutting down and abandoning module PluginBrowser (102)
[2015.06.18-09.28.07:686][384]LogModuleManager: Shutting down and abandoning module EpicSurvey (101)
[2015.06.18-09.28.07:686][384]LogModuleManager: Shutting down and abandoning module DesktopPlatform (100)
[2015.06.18-09.28.07:686][384]LogModuleManager: Shutting down and abandoning module VisualStudioSourceCodeAccess (99)
[2015.06.18-09.28.07:686][384]LogModuleManager: Shutting down and abandoning module UObjectPlugin (98)
[2015.06.18-09.28.07:686][384]LogModuleManager: Shutting down and abandoning module SubversionSourceControl (97)
[2015.06.18-09.28.07:686][384]LogModuleManager: Shutting down and abandoning module PerforceSourceControl (96)
[2015.06.18-09.28.07:686][384]LogModuleManager: Shutting down and abandoning module SourceControl (95)
[2015.06.18-09.28.07:686][384]LogModuleManager: Shutting down and abandoning module GitSourceControl (94)
[2015.06.18-09.28.07:686][384]LogModuleManager: Shutting down and abandoning module BlankPlugin (93)
[2015.06.18-09.28.07:686][384]LogModuleManager: Shutting down and abandoning module PaperTiledImporter (92)
[2015.06.18-09.28.07:686][384]LogModuleManager: Shutting down and abandoning module PaperSpriteSheetImporter (91)
[2015.06.18-09.28.07:686][384]LogModuleManager: Shutting down and abandoning module MeshPaint (90)
[2015.06.18-09.28.07:686][384]LogModuleManager: Shutting down and abandoning module SlateReflector (89)
[2015.06.18-09.28.07:687][384]LogModuleManager: Shutting down and abandoning module HotReload (88)
[2015.06.18-09.28.07:687][384]LogModuleManager: Shutting down and abandoning module MainFrame (87)
[2015.06.18-09.28.07:687][384]LogModuleManager: Shutting down and abandoning module LevelEditor (86)
[2015.06.18-09.28.07:690][384]LogModuleManager: Shutting down and abandoning module ContentBrowser (85)
[2015.06.18-09.28.07:691][384]LogModuleManager: Shutting down and abandoning module Paper2DEditor (84)
[2015.06.18-09.28.07:691][384]LogModuleManager: Shutting down and abandoning module UdpMessaging (83)
[2015.06.18-09.28.07:795][384]LogModuleManager: Shutting down and abandoning module DirectoryWatcher (82)
[2015.06.18-09.28.07:797][384]LogModuleManager: Shutting down and abandoning module AssetRegistry (81)
[2015.06.18-09.28.07:891][384]LogModuleManager: Shutting down and abandoning module SubstanceCore (80)
[2015.06.18-09.28.07:891][384]LogModuleManager: Shutting down and abandoning module Paper2D (79)
[2015.06.18-09.28.07:891][384]LogModuleManager: Shutting down and abandoning module WindowsMoviePlayer (78)
[2015.06.18-09.28.07:894][384]LogModuleManager: Shutting down and abandoning module Media (77)
[2015.06.18-09.28.07:894][384]LogModuleManager: Shutting down and abandoning module WmfMedia (76)
[2015.06.18-09.28.07:894][384]LogModuleManager: Shutting down and abandoning module OnlineBlueprintSupport (75)
[2015.06.18-09.28.07:894][384]LogModuleManager: Shutting down and abandoning module PropertyEditor (74)
[2015.06.18-09.28.07:894][384]LogModuleManager: Shutting down and abandoning module BehaviorTreeEditor (73)
[2015.06.18-09.28.07:894][384]LogModuleManager: Shutting down and abandoning module FunctionalTesting (72)
[2015.06.18-09.28.07:894][384]LogModuleManager: Shutting down and abandoning module CollisionAnalyzer (71)
[2015.06.18-09.28.07:894][384]LogModuleManager: Shutting down and abandoning module WorkspaceMenuStructure (70)
[2015.06.18-09.28.07:895][384]LogModuleManager: Shutting down and abandoning module MessageLog (69)
[2015.06.18-09.28.07:895][384]LogModuleManager: Shutting down and abandoning module Sequencer (68)
[2015.06.18-09.28.07:895][384]LogModuleManager: Shutting down and abandoning module AssetTools (67)
[2015.06.18-09.28.07:895][384]LogModuleManager: Shutting down and abandoning module UMGEditor (66)
[2015.06.18-09.28.07:895][384]LogModuleManager: Shutting down and abandoning module UMG (65)
[2015.06.18-09.28.07:895][384]LogModuleManager: Shutting down and abandoning module Slate (64)
[2015.06.18-09.28.07:895][384]LogModuleManager: Shutting down and abandoning module EditorStyle (63)
[2015.06.18-09.28.07:897][384]LogModuleManager: Shutting down and abandoning module SessionServices (62)
[2015.06.18-09.28.07:897][384]LogModuleManager: Shutting down and abandoning module SourceCodeAccess (61)
[2015.06.18-09.28.07:897][384]LogModuleManager: Shutting down and abandoning module HeadMountedDisplay (60)
[2015.06.18-09.28.07:897][384]LogModuleManager: Shutting down and abandoning module XAudio2 (59)
[2015.06.18-09.28.07:897][384]LogModuleManager: Shutting down and abandoning module Networking (57)
[2015.06.18-09.28.07:897][384]LogModuleManager: Shutting down and abandoning module Core (56)
[2015.06.18-09.28.07:897][384]LogModuleManager: Shutting down and abandoning module KismetCompiler (55)
[2015.06.18-09.28.07:897][384]LogModuleManager: Shutting down and abandoning module PhysXFormats (54)
[2015.06.18-09.28.07:897][384]LogModuleManager: Shutting down and abandoning module MeshUtilities (53)
[2015.06.18-09.28.07:897][384]LogModuleManager: Shutting down and abandoning module DerivedDataCache (52)
[2015.06.18-09.28.07:932][384]LogDerivedDataCache: Shutdown
[2015.06.18-09.28.07:932][384]LogModuleManager: Shutting down and abandoning module ShaderFormatOpenGL (51)
[2015.06.18-09.28.07:932][384]LogModuleManager: Shutting down and abandoning module ShaderFormatD3D (50)
[2015.06.18-09.28.07:932][384]LogModuleManager: Shutting down and abandoning module MetalShaderFormat (49)
[2015.06.18-09.28.07:932][384]LogModuleManager: Shutting down and abandoning module TextureFormatUncompressed (48)
[2015.06.18-09.28.07:932][384]LogModuleManager: Shutting down and abandoning module TextureFormatPVR (47)
[2015.06.18-09.28.07:932][384]LogModuleManager: Shutting down and abandoning module TextureFormatIntelISPCTexComp (46)
[2015.06.18-09.28.07:932][384]LogModuleManager: Shutting down and abandoning module TextureFormatDXT (45)
[2015.06.18-09.28.07:932][384]LogModuleManager: Shutting down and abandoning module ImageWrapper (44)
[2015.06.18-09.28.07:932][384]LogModuleManager: Shutting down and abandoning module TextureFormatASTC (43)
[2015.06.18-09.28.07:932][384]LogModuleManager: Shutting down and abandoning module TextureFormatAndroid (42)
[2015.06.18-09.28.07:932][384]LogModuleManager: Shutting down and abandoning module AudioFormatOpus (41)
[2015.06.18-09.28.07:932][384]LogModuleManager: Shutting down and abandoning module AudioFormatOgg (40)
[2015.06.18-09.28.07:932][384]LogModuleManager: Shutting down and abandoning module AudioFormatADPCM (39)
[2015.06.18-09.28.07:932][384]LogModuleManager: Shutting down and abandoning module LinuxTargetPlatform (38)
[2015.06.18-09.28.07:932][384]LogModuleManager: Shutting down and abandoning module LinuxServerTargetPlatform (37)
[2015.06.18-09.28.07:932][384]LogModuleManager: Shutting down and abandoning module LinuxNoEditorTargetPlatform (36)
[2015.06.18-09.28.07:932][384]LogModuleManager: Shutting down and abandoning module Messaging (35)
[2015.06.18-09.28.07:932][384]LogModuleManager: Shutting down and abandoning module IOSTargetPlatform (34)
[2015.06.18-09.28.07:932][384]LogModuleManager: Shutting down and abandoning module HTML5TargetPlatform (33)
[2015.06.18-09.28.07:932][384]LogModuleManager: Shutting down and abandoning module Android_PVRTCTargetPlatform (32)
[2015.06.18-09.28.07:932][384]LogModuleManager: Shutting down and abandoning module Android_ETC2TargetPlatform (31)
[2015.06.18-09.28.07:932][384]LogModuleManager: Shutting down and abandoning module Android_ETC1TargetPlatform (30)
[2015.06.18-09.28.07:932][384]LogModuleManager: Shutting down and abandoning module Android_DXTTargetPlatform (29)
[2015.06.18-09.28.07:932][384]LogModuleManager: Shutting down and abandoning module Android_ATCTargetPlatform (28)
[2015.06.18-09.28.07:932][384]LogModuleManager: Shutting down and abandoning module Android_ASTCTargetPlatform (27)
[2015.06.18-09.28.07:932][384]LogModuleManager: Shutting down and abandoning module AndroidTargetPlatform (26)
[2015.06.18-09.28.07:932][384]LogModuleManager: Shutting down and abandoning module WindowsTargetPlatform (25)
[2015.06.18-09.28.07:932][384]LogModuleManager: Shutting down and abandoning module WindowsServerTargetPlatform (24)
[2015.06.18-09.28.07:932][384]LogModuleManager: Shutting down and abandoning module WindowsNoEditorTargetPlatform (23)
[2015.06.18-09.28.07:932][384]LogModuleManager: Shutting down and abandoning module WindowsClientTargetPlatform (22)
[2015.06.18-09.28.07:932][384]LogModuleManager: Shutting down and abandoning module DesktopTargetPlatform (21)
[2015.06.18-09.28.07:932][384]LogModuleManager: Shutting down and abandoning module TargetPlatform (20)
[2015.06.18-09.28.07:932][384]LogModuleManager: Shutting down and abandoning module InputCore (19)
[2015.06.18-09.28.07:932][384]LogModuleManager: Shutting down and abandoning module Settings (18)
[2015.06.18-09.28.07:932][384]LogModuleManager: Shutting down and abandoning module OnlineSubsystem (16)
[2015.06.18-09.28.07:932][384]LogModuleManager: Shutting down and abandoning module HTTP (15)
[2015.06.18-09.28.07:933][384]LogModuleManager: Shutting down and abandoning module ExampleDeviceProfileSelector (14)
[2015.06.18-09.28.07:933][384]LogModuleManager: Shutting down and abandoning module TextureCompressor (13)
[2015.06.18-09.28.07:933][384]LogModuleManager: Shutting down and abandoning module ShaderCore (12)
[2015.06.18-09.28.07:933][384]LogModuleManager: Shutting down and abandoning module Landscape (11)
[2015.06.18-09.28.07:933][384]LogModuleManager: Shutting down and abandoning module SlateRHIRenderer (10)
[2015.06.18-09.28.07:943][384]LogModuleManager: Shutting down and abandoning module OpenGLDrv (9)
[2015.06.18-09.28.07:943][384]LogModuleManager: Shutting down and abandoning module D3D11RHI (8)
[2015.06.18-09.28.07:943][384]LogModuleManager: Shutting down and abandoning module Renderer (7)
[2015.06.18-09.28.07:943][384]LogModuleManager: Shutting down and abandoning module Engine (6)
[2015.06.18-09.28.07:943][384]LogModuleManager: Shutting down and abandoning module CoreUObject (5)
[2015.06.18-09.28.07:944][384]LogModuleManager: Shutting down and abandoning module NetworkFile (4)
[2015.06.18-09.28.07:944][384]LogModuleManager: Shutting down and abandoning module StreamingFile (3)
[2015.06.18-09.28.07:944][384]LogModuleManager: Shutting down and abandoning module SandboxFile (2)
[2015.06.18-09.28.07:944][384]LogModuleManager: Shutting down and abandoning module PakFile (1)
[2015.06.18-09.28.07:944][384]LogExit: Exiting.
[2015.06.18-09.28.07:945][384]Log file closed, 06/18/15 04:28:07
